#
# A fatal error has been detected by the Java Runtime Environment:
#
#  Internal Error (jvmciRuntime.cpp:1609), pid=22, tid=40
#  fatal error: Fatal exception in JVMCI: Error calling jdk.vm.ci.services.Services.serializeSavedProperties
#
# JRE version: OpenJDK Runtime Environment GraalVM CE 22.3.0 (17.0.5+8) (build 17.0.5+8-jvmci-22.3-b08)
# Java VM: OpenJDK 64-Bit Server VM GraalVM CE 22.3.0 (17.0.5+8-jvmci-22.3-b08, mixed mode, sharing, tiered, jvmci, jvmci compiler, compressed oops, compressed class ptrs, parallel gc, linux-amd64)
# Problematic frame:
# V  [libjvm.so+0x972714]  JVMCIRuntime::fatal_exception(JVMCIEnv*, char const*)+0x74
#
# Core dump will be written. Default location: Core dumps may be processed with "/usr/share/apport/apport -p%p -s%s -c%c -d%d -P%P -u%u -g%g -- %E" (or dumping to /home/runner/Leetcode-347-Top-K-Frequent-Elements/core.22)
#
# If you would like to submit a bug report, please visit:
#   https://github.com/oracle/graal/issues
#

---------------  S U M M A R Y ------------

Command Line: -XX:ThreadPriorityPolicy=1 -XX:+UnlockExperimentalVMOptions -XX:+EnableJVMCIProduct -XX:JVMCIThreadsPerNativeLibraryRuntime=1 -XX:-UnlockExperimentalVMOptions -Declipse.application=org.eclipse.jdt.ls.core.id1 -Dosgi.bundles.defaultStartLevel=4 -Declipse.product=org.eclipse.jdt.ls.core.product -Dlog.level=ALL -Xverify:none -XX:+UseParallelGC -XX:GCTimeRatio=4 -XX:AdaptiveSizePolicyWeight=90 -Dsun.zip.disableMemoryMapping=true -Xmx512m -Xms100m /nix/store/m6gcpi1ii6rghy04cjwjddcavv7i90df-jdt-language-server-1.9.0/share/java/plugins/org.eclipse.equinox.launcher_1.6.400.v20210924-0641.jar --add-modules=ALL-SYSTEM --add-opens java.base/java.util=ALL-UNNAMED --add-opens java.base/java.lang=ALL-UNNAMED -configuration /home/runner/.cache/jdt-language-server/config -data /home/runner/.cache/jdt-language-server/data/home/runner/Leetcode-347-Top-K-Frequent-Elements

Host: AMD EPYC 7B12, 8 cores, 1G, Ubuntu 20.04.2 LTS
Time: Thu Dec 29 15:49:55 2022 UTC elapsed time: 492.181516 seconds (0d 0h 8m 12s)

---------------  T H R E A D  ---------------

Current thread (0x00007f7fd80b2210):  JavaThread "JVMCI-native CompilerThread0" daemon [_thread_in_vm, id=40, stack(0x00007f7fbda1a000,0x00007f7fbdc1a000)]


Current CompileTask:
JVMCI-native: 492181 7435   !   4       org.eclipse.osgi.internal.loader.BundleLoader::getImportedSources (114 bytes)

Stack: [0x00007f7fbda1a000,0x00007f7fbdc1a000],  sp=0x00007f7fbdc18380,  free space=2040k
Native frames: (J=compiled Java code, j=interpreted, Vv=VM code, C=native code)
V  [libjvm.so+0x972714]  JVMCIRuntime::fatal_exception(JVMCIEnv*, char const*)+0x74
V  [libjvm.so+0x93e2fe]  JVMCIEnv::copy_saved_properties()+0x14e
V  [libjvm.so+0x9732a9]  JVMCIRuntime::initialize(JVMCIEnv*)+0xb19
V  [libjvm.so+0x9738a2]  JVMCIRuntime::get_HotSpotJVMCIRuntime(JVMCIEnv*)+0x12
V  [libjvm.so+0x9749f2]  JVMCIRuntime::compile_method(JVMCIEnv*, JVMCICompiler*, methodHandle const&, int)+0xd2
V  [libjvm.so+0x5b0d20]  CompileBroker::invoke_compiler_on_method(CompileTask*)+0x1470
V  [libjvm.so+0x5b12e8]  CompileBroker::compiler_thread_loop()+0x528
V  [libjvm.so+0xd82460]  JavaThread::thread_main_inner()+0xd0
V  [libjvm.so+0xd85a40]  Thread::call_run()+0xc0
V  [libjvm.so+0xbdb1e1]  thread_native_entry(Thread*)+0xe1

Register to memory mapping:

RAX=0x00007f7fdd74b000 points into unknown readable memory: 0x0000000000000058 | 58 00 00 00 00 00 00 00
RBX=0x00007f7fde846398: <offset 0x0000000000ef5398> in /nix/store/gpxl5qgg8kicmcvivwmybwjlpf7wh20l-graalvm17-ce-22.3.0/lib/server/libjvm.so at 0x00007f7fdd951000
RCX=0x00007f7fde7fe1e8: <offset 0x0000000000ead1e8> in /nix/store/gpxl5qgg8kicmcvivwmybwjlpf7wh20l-graalvm17-ce-22.3.0/lib/server/libjvm.so at 0x00007f7fdd951000
RDX=0x0000000000000649 is an unknown value
RSP=0x00007f7fbdc18380 is pointing into the stack for thread: 0x00007f7fd80b2210
RBP=0x00007f7fbdc183a0 is pointing into the stack for thread: 0x00007f7fd80b2210
RSI=0x00007f7fde846c48: <offset 0x0000000000ef5c48> in /nix/store/gpxl5qgg8kicmcvivwmybwjlpf7wh20l-graalvm17-ce-22.3.0/lib/server/libjvm.so at 0x00007f7fdd951000
RDI=0x00000000e0000000 is an oop: java.lang.String 
{0x00000000e0000000} - klass: 'java/lang/String'
 - string: "resolution"
R8 =0x00007f7fde846398: <offset 0x0000000000ef5398> in /nix/store/gpxl5qgg8kicmcvivwmybwjlpf7wh20l-graalvm17-ce-22.3.0/lib/server/libjvm.so at 0x00007f7fdd951000
R9 =0x00007f7fbdc18330 is pointing into the stack for thread: 0x00007f7fd80b2210
R10=0x00007f7fbdc19948 is pointing into the stack for thread: 0x00007f7fd80b2210
R11=0x0000000000000293 is an unknown value
R12=0x0 is NULL
R13=0x00007f7fd80b2210 is a thread
R14=0x00007f7fd8000b80 points into unknown readable memory: 0x00007f7fdea77a38 | 38 7a a7 de 7f 7f 00 00
R15=0x00007f7fdeb85e40: <offset 0x0000000001234e40> in /nix/store/gpxl5qgg8kicmcvivwmybwjlpf7wh20l-graalvm17-ce-22.3.0/lib/server/libjvm.so at 0x00007f7fdd951000


Registers:
RAX=0x00007f7fdd74b000, RBX=0x00007f7fde846398, RCX=0x00007f7fde7fe1e8, RDX=0x0000000000000649
RSP=0x00007f7fbdc18380, RBP=0x00007f7fbdc183a0, RSI=0x00007f7fde846c48, RDI=0x00000000e0000000
R8 =0x00007f7fde846398, R9 =0x00007f7fbdc18330, R10=0x00007f7fbdc19948, R11=0x0000000000000293
R12=0x0000000000000000, R13=0x00007f7fd80b2210, R14=0x00007f7fd8000b80, R15=0x00007f7fdeb85e40
RIP=0x00007f7fde2c3714, EFLAGS=0x0000000000010206, CSGSFS=0x002b000000000033, ERR=0x0000000000000006
  TRAPNO=0x000000000000000e

Top of Stack: (sp=0x00007f7fbdc18380)
0x00007f7fbdc18380:   00007f7fbdc18940 00007f7fd80b2210
0x00007f7fbdc18390:   00007f7fdc0dc8c8 0000000800c417a0
0x00007f7fbdc183a0:   00007f7fbdc18500 00007f7fde28f2fe
0x00007f7fbdc183b0:   00007f7fbdc183e0 00007f7fbdc18440 

Instructions: (pc=0x00007f7fde2c3714)
0x00007f7fde2c3614:   30 e8 f6 cf e8 ff 4c 89 e7 e8 2e 48 d1 ff 84 db
0x00007f7fde2c3624:   75 2a 4d 85 ed 74 04 4d 8b 6d 00 48 83 c4 08 44
0x00007f7fde2c3634:   89 f9 4c 89 f2 4c 89 ee 5b 4c 89 e7 41 5c 41 5d
0x00007f7fde2c3644:   41 5e 41 5f 5d e9 e2 47 d1 ff 66 90 48 83 c4 08
0x00007f7fde2c3654:   5b 41 5c 41 5d 41 5e 41 5f 5d c3 90 31 d2 be 08
0x00007f7fde2c3664:   00 00 00 4c 89 ff e8 b1 78 a3 ff 49 89 c5 e9 37
0x00007f7fde2c3674:   ff ff ff 66 0f 1f 84 00 00 00 00 00 48 8b 7a 08
0x00007f7fde2c3684:   e9 6d ff ff ff 0f 1f 80 00 00 00 00 e8 5b 48 0a
0x00007f7fde2c3694:   00 84 c0 75 89 e9 6a ff ff ff 66 90 55 48 89 e5
0x00007f7fde2c36a4:   41 56 41 55 41 54 49 89 fc 53 48 89 f3 66 48 8d
0x00007f7fde2c36b4:   3d 27 5e 85 00 66 66 48 e8 df 43 8d ff 4c 8b 28
0x00007f7fde2c36c4:   8b 05 be 72 8a 00 85 c0 75 14 ba 01 00 00 00 48
0x00007f7fde2c36d4:   8d 0d ae 72 8a 00 f0 0f b1 11 85 c0 74 4e be c8
0x00007f7fde2c36e4:   00 00 00 4c 89 ef e8 01 0b 41 00 48 8d 05 12 ac
0x00007f7fde2c36f4:   85 00 49 89 d8 48 8d 0d e8 aa 53 00 ba 49 06 00
0x00007f7fde2c3704:   00 48 8d 35 3c 35 58 00 bf 00 00 00 e0 48 8b 00
0x00007f7fde2c3714:   c6 00 58 31 c0 e8 e2 91 c6 ff 5b 41 5c 41 5d 41
0x00007f7fde2c3724:   5e 5d e9 55 34 26 00 0f 1f 44 00 00 48 8d 05 81
0x00007f7fde2c3734:   a3 8b 00 48 89 df 4c 8b 30 e8 9e 43 8d ff 48 89
0x00007f7fde2c3744:   de 48 89 c2 49 8b 06 4c 89 f7 ff 50 08 4c 89 f7
0x00007f7fde2c3754:   e8 a7 5c 27 00 4d 85 e4 74 12 be 01 00 00 00 4c
0x00007f7fde2c3764:   89 e7 e8 35 43 fc ff eb 82 0f 1f 00 be 01 00 00
0x00007f7fde2c3774:   00 4c 89 ef e8 d3 fd ff ff e9 6d ff ff ff 66 66
0x00007f7fde2c3784:   2e 0f 1f 84 00 00 00 00 00 0f 1f 00 55 48 89 e5
0x00007f7fde2c3794:   41 57 41 56 41 55 41 54 53 48 81 ec 08 02 00 00
0x00007f7fde2c37a4:   64 48 8b 04 25 28 00 00 00 48 89 45 c8 8b 07 83
0x00007f7fde2c37b4:   f8 02 0f 84 11 04 00 00 4c 8b 6f 18 49 89 ff 49
0x00007f7fde2c37c4:   89 f4 4d 85 ed 74 14 4c 89 ef e8 5d 57 22 00 41
0x00007f7fde2c37d4:   8b 07 83 f8 02 0f 84 19 04 00 00 48 8d 1d 9a 06
0x00007f7fde2c37e4:   8a 00 4c 8d 35 0b 3c 58 00 eb 38 90 48 85 d2 7f
0x00007f7fde2c37f4:   0d 48 8d 05 b4 c0 85 00 48 83 38 00 7e 0e 41 8b
0x00007f7fde2c3804:   77 2c 4c 89 f7 31 c0 e8 a0 b2 f7 ff 49 8b 7f 18 


Stack slot to memory mapping:
stack at sp + 0 slots: 0x00007f7fbdc18940 is pointing into the stack for thread: 0x00007f7fd80b2210
stack at sp + 1 slots: 0x00007f7fd80b2210 is a thread
stack at sp + 2 slots: 0x00007f7fdc0dc8c8 points into unknown readable memory: 0x6573001880c9ffff | ff ff c9 80 18 00 73 65
stack at sp + 3 slots: 0x0000000800c417a0 is a pointer to class: 
jdk.vm.ci.services.Services {0x0000000800c417a0}
 - instance size:     2
 - klass size:        65
 - access:            public final synchronized 
 - state:             fully_initialized
 - name:              'jdk/vm/ci/services/Services'
 - super:             'java/lang/Object'
 - sub:               
 - arrays:            NULL
 - methods:           Array<T>(0x00007f7fbe4423e0)
 - method ordering:   Array<T>(0x0000000800928960)
 - default_methods:   Array<T>(0x0000000000000000)
 - local interfaces:  Array<T>(0x00000008005ce810)
 - trans. interfaces: Array<T>(0x00000008005ce810)
 - constants:         constant pool [427] {0x00007f7fbe4414c0} for 'jdk/vm/ci/services/Services' cache=0x00007f7fbe4436b0
 - class loader data:  loader data: 0x00007f7fd8028410 of 'bootstrap'
 - source file:       'Services.java'
 - class annotations:       Array<T>(0x0000000000000000)
 - class type annotations:  Array<T>(0x0000000000000000)
 - field annotations:       Array<T>(0x0000000000000000)
 - field type annotations:  Array<T>(0x0000000000000000)
 - inner classes:     Array<T>(0x00007f7fbe443680)
 - nest members:     Array<T>(0x00007f7fbe4436a0)
 - permitted subclasses:     Array<T>(0x00000008005ce7a0)
 - java mirror:       a 'java/lang/Class'{0x00000000e0146730} = 'jdk/vm/ci/services/Services'
 - vtable length      5  (start addr: 0x0000000800c41970)
 - itable length      2 (start addr: 0x0000000800c41998)
 - ---- static fields (3 words):
 - public static final 'IS_BUILDING_NATIVE_IMAGE' 'Z' @128 
 - public static final 'IS_IN_NATIVE_IMAGE' 'Z' @129 
 - private static volatile 'savedProperties' 'Ljava/util/Map;' @112 
 - static final 'JVMCI_ENABLED' 'Z' @130 
 - private static final 'servicesCache' 'Ljava/util/Map;' @116 
 - private static final 'MAX_UNICODE_IN_UTF8_LENGTH' 'I' @120 
 - private static final 'MAX_UTF8_PROPERTY_STRING_LENGTH' 'I' @124 
 - ---- non-static fields (0 words):
 - non-static oop maps: 
stack at sp + 4 slots: 0x00007f7fbdc18500 is pointing into the stack for thread: 0x00007f7fd80b2210
stack at sp + 5 slots: 0x00007f7fde28f2fe: <offset 0x000000000093e2fe> in /nix/store/gpxl5qgg8kicmcvivwmybwjlpf7wh20l-graalvm17-ce-22.3.0/lib/server/libjvm.so at 0x00007f7fdd951000
stack at sp + 6 slots: 0x00007f7fbdc183e0 is pointing into the stack for thread: 0x00007f7fd80b2210
stack at sp + 7 slots: 0x00007f7fbdc18440 is pointing into the stack for thread: 0x00007f7fd80b2210


---------------  P R O C E S S  ---------------

Threads class SMR info:
_java_thread_list=0x00007f7f28000c40, length=24, elements={
0x00007f7fd80266b0, 0x00007f7fd80a64f0, 0x00007f7fd80a7930, 0x00007f7fd80ae080,
0x00007f7fd80af430, 0x00007f7fd80b0820, 0x00007f7fd80b2210, 0x00007f7fd80b3720,
0x00007f7fd80b4b70, 0x00007f7fd80e8800, 0x00007f7fd8130060, 0x00007f7fd83334c0,
0x00007f7fd83667f0, 0x00007f7fd83690e0, 0x00007f7fd81ca310, 0x00007f7f6c01a8b0,
0x00007f7f6c2a3320, 0x00007f7f600010d0, 0x00007f7f6c4ad990, 0x00007f7f6c613560,
0x00007f7fd8493180, 0x00007f7fd83d2570, 0x00007f7f680028d0, 0x00007f7f28001210
}

Java Threads: ( => current thread )
  0x00007f7fd80266b0 JavaThread "main" [_thread_blocked, id=32, stack(0x00007f7fdd76c000,0x00007f7fdd86c000)]
  0x00007f7fd80a64f0 JavaThread "Reference Handler" daemon [_thread_blocked, id=35, stack(0x00007f7fbe300000,0x00007f7fbe400000)]
  0x00007f7fd80a7930 JavaThread "Finalizer" daemon [_thread_blocked, id=36, stack(0x00007f7fbe200000,0x00007f7fbe300000)]
  0x00007f7fd80ae080 JavaThread "Signal Dispatcher" daemon [_thread_blocked, id=37, stack(0x00007f7fbde1a000,0x00007f7fbdf1a000)]
  0x00007f7fd80af430 JavaThread "Service Thread" daemon [_thread_blocked, id=38, stack(0x00007f7fbdd1a000,0x00007f7fbde1a000)]
  0x00007f7fd80b0820 JavaThread "Monitor Deflation Thread" daemon [_thread_blocked, id=39, stack(0x00007f7fbdc1a000,0x00007f7fbdd1a000)]
=>0x00007f7fd80b2210 JavaThread "JVMCI-native CompilerThread0" daemon [_thread_in_vm, id=40, stack(0x00007f7fbda1a000,0x00007f7fbdc1a000)]
  0x00007f7fd80b3720 JavaThread "C1 CompilerThread0" daemon [_thread_blocked, id=41, stack(0x00007f7fbd81a000,0x00007f7fbda1a000)]
  0x00007f7fd80b4b70 JavaThread "Sweeper thread" daemon [_thread_blocked, id=42, stack(0x00007f7fbd71a000,0x00007f7fbd81a000)]
  0x00007f7fd80e8800 JavaThread "Common-Cleaner" daemon [_thread_blocked, id=43, stack(0x00007f7fbd61a000,0x00007f7fbd71a000)]
  0x00007f7fd8130060 JavaThread "Notification Thread" daemon [_thread_blocked, id=45, stack(0x00007f7fbd51a000,0x00007f7fbd61a000)]
  0x00007f7fd83334c0 JavaThread "Active Thread: Equinox Container: e49bd69e-635f-4065-bd4a-95b3589e8649" [_thread_blocked, id=54, stack(0x00007f7fbc100000,0x00007f7fbc200000)]
  0x00007f7fd83667f0 JavaThread "Framework Event Dispatcher: Equinox Container: e49bd69e-635f-4065-bd4a-95b3589e8649" daemon [_thread_blocked, id=55, stack(0x00007f7f85b00000,0x00007f7f85c00000)]
  0x00007f7fd83690e0 JavaThread "Start Level: Equinox Container: e49bd69e-635f-4065-bd4a-95b3589e8649" daemon [_thread_blocked, id=56, stack(0x00007f7f85900000,0x00007f7f85a00000)]
  0x00007f7fd81ca310 JavaThread "Refresh Thread: Equinox Container: e49bd69e-635f-4065-bd4a-95b3589e8649" daemon [_thread_blocked, id=57, stack(0x00007f7f85700000,0x00007f7f85800000)]
  0x00007f7f6c01a8b0 JavaThread "SCR Component Actor" daemon [_thread_blocked, id=62, stack(0x00007f7f85500000,0x00007f7f85600000)]
  0x00007f7f6c2a3320 JavaThread "Worker-JM" [_thread_blocked, id=67, stack(0x00007f7f85100000,0x00007f7f85200000)]
  0x00007f7f600010d0 JavaThread "Worker-1" [_thread_blocked, id=70, stack(0x00007f7f84d00000,0x00007f7f84e00000)]
  0x00007f7f6c4ad990 JavaThread "Java indexing" daemon [_thread_blocked, id=71, stack(0x00007f7f84b00000,0x00007f7f84c00000)]
  0x00007f7f6c613560 JavaThread "Bundle File Closer" daemon [_thread_blocked, id=72, stack(0x00007f7f84900000,0x00007f7f84a00000)]
  0x00007f7fd8493180 JavaThread "pool-3-thread-1" [_thread_blocked, id=77, stack(0x00007f7f84700000,0x00007f7f84800000)]
  0x00007f7fd83d2570 JavaThread "pool-2-thread-1" [_thread_in_native, id=79, stack(0x00007f7f84300000,0x00007f7f84400000)]
  0x00007f7f680028d0 JavaThread "Worker-5: Periodic workspace save." [_thread_blocked, id=104, stack(0x00007f7f84600000,0x00007f7f84700000)]
  0x00007f7f28001210 JavaThread "Worker-8: Building" [_thread_blocked, id=500, stack(0x00007f7f83d00000,0x00007f7f83e00000)]

Other Threads:
  0x00007f7fd80a1c30 VMThread "VM Thread" [stack: 0x00007f7fbecdd000,0x00007f7fbeddd000] [id=34] _threads_hazard_ptr=0x00007f7f28000c40
  0x00007f7fd8131a00 WatcherThread [stack: 0x00007f7fbd41a000,0x00007f7fbd51a000] [id=46]
  0x00007f7fd803df50 GCTaskThread "GC Thread#0" [stack: 0x00007f7fdd32f000,0x00007f7fdd42f000] [id=33]

Threads with active compile tasks:
JVMCI-native CompilerThread0   492268 7435   !   4       org.eclipse.osgi.internal.loader.BundleLoader::getImportedSources (114 bytes)

VM state: synchronizing (normal execution)

VM Mutex/Monitor currently owned by a thread:  ([mutex/lock_event])
[0x00007f7fd8023860] Threads_lock - owner thread: 0x00007f7fd80a1c30
[0x00007f7fd8024010] Heap_lock - owner thread: 0x00007f7f680028d0

OutOfMemory and StackOverflow Exception counts:
OutOfMemoryError java_heap_errors=6
LinkageErrors=51

Heap address: 0x00000000e0000000, size: 512 MB, Compressed Oops mode: 32-bit

CDS archive(s) mapped at: [0x0000000800000000-0x0000000800bc8000-0x0000000800bc8000), size 12353536, SharedBaseAddress: 0x0000000800000000, ArchiveRelocationMode: 0.
Compressed class space mapped at: 0x0000000800c00000-0x0000000840c00000, reserved size: 1073741824
Narrow klass base: 0x0000000800000000, Narrow klass shift: 0, Narrow klass range: 0x100000000

GC Precious Log:
 CPUs: 8 total, 1 available
 Memory: 1024M
 Large Page Support: Disabled
 NUMA Support: Disabled
 Compressed Oops: Enabled (32-bit)
 Alignments: Space 512K, Generation 512K, Heap 2M
 Heap Min Capacity: 100M
 Heap Initial Capacity: 100M
 Heap Max Capacity: 512M
 Pre-touch: Disabled
 Parallel Workers: 1

Heap:
 PSYoungGen      total 18944K, used 13824K [0x00000000f5580000, 0x00000000f6e00000, 0x0000000100000000)
  eden space 13824K, 100% used [0x00000000f5580000,0x00000000f6300000,0x00000000f6300000)
  from space 5120K, 0% used [0x00000000f6300000,0x00000000f6300000,0x00000000f6800000)
  to   space 4096K, 0% used [0x00000000f6a00000,0x00000000f6a00000,0x00000000f6e00000)
 ParOldGen       total 349696K, used 349695K [0x00000000e0000000, 0x00000000f5580000, 0x00000000f5580000)
  object space 349696K, 99% used [0x00000000e0000000,0x00000000f557ffe8,0x00000000f5580000)
 Metaspace       used 53844K, committed 54720K, reserved 1105920K
  class space    used 5404K, committed 5760K, reserved 1048576K

Card table byte_map: [0x00007f7fdd42f000,0x00007f7fdd530000] _byte_map_base: 0x00007f7fdcd2f000

Marking Bits: (ParMarkBitMap*) 0x00007f7fdeb7f4c0
 Begin Bits: [0x00007f7fdc282000, 0x00007f7fdca82000)
 End Bits:   [0x00007f7fdca82000, 0x00007f7fdd282000)

Polling page: 0x00007f7fdd749000

Metaspace:

Usage:
  Non-class:     47.30 MB used.
      Class:      5.28 MB used.
       Both:     52.58 MB used.

Virtual space:
  Non-class space:       56.00 MB reserved,      47.81 MB ( 85%) committed,  7 nodes.
      Class space:        1.00 GB reserved,       5.62 MB ( <1%) committed,  1 nodes.
             Both:        1.05 GB reserved,      53.44 MB (  5%) committed. 

Chunk freelists:
   Non-Class:  3.94 MB
       Class:  2.35 MB
        Both:  6.29 MB

MaxMetaspaceSize: unlimited
CompressedClassSpaceSize: 1.00 GB
Initial GC threshold: 21.00 MB
Current GC threshold: 89.00 MB
CDS: on
MetaspaceReclaimPolicy: balanced
 - commit_granule_bytes: 65536.
 - commit_granule_words: 8192.
 - virtual_space_node_default_size: 1048576.
 - enlarge_chunks_in_place: 1.
 - new_chunks_are_fully_committed: 0.
 - uncommit_free_chunks: 1.
 - use_allocation_guard: 0.
 - handle_deallocations: 1.


Internal statistics:

num_allocs_failed_limit: 6.
num_arena_births: 360.
num_arena_deaths: 66.
num_vsnodes_births: 8.
num_vsnodes_deaths: 0.
num_space_committed: 854.
num_space_uncommitted: 0.
num_chunks_returned_to_freelist: 89.
num_chunks_taken_from_freelist: 2346.
num_chunk_merges: 36.
num_chunk_splits: 1564.
num_chunks_enlarged: 1033.
num_purges: 2.
num_inconsistent_stats: 0.

CodeHeap 'non-profiled nmethods': size=120036Kb used=2160Kb max_used=2160Kb free=117875Kb
 bounds [0x00007f7fc6f7a000, 0x00007f7fc71ea000, 0x00007f7fce4b3000]
CodeHeap 'profiled nmethods': size=120032Kb used=11283Kb max_used=13628Kb free=108748Kb
 bounds [0x00007f7fbfa42000, 0x00007f7fc07a2000, 0x00007f7fc6f7a000]
CodeHeap 'non-nmethods': size=5692Kb used=1364Kb max_used=1391Kb free=4328Kb
 bounds [0x00007f7fbf4b3000, 0x00007f7fbf723000, 0x00007f7fbfa42000]
 total_blobs=6121 nmethods=5425 adapters=611
 compilation: enabled
              stopped_count=0, restarted_count=0
 full_count=0

JVMCI Events (20 events):
Event: 82.999 Thread 0x00007f7fd80b2210 compacted oop handles in JVMCI runtime 0 from 167 to 159
Event: 82.999 Thread 0x00007f7fd80b2210 compacted oop handles in JVMCI runtime 0 from 159 to 122
Event: 86.476 Thread 0x00007f7fd80b2210 compacted oop handles in JVMCI runtime 0 from 130 to 128
Event: 86.574 Thread 0x00007f7fd80b2210 compacted oop handles in JVMCI runtime 0 from 139 to 132
Event: 86.667 Thread 0x00007f7fd80b2210 compacted oop handles in JVMCI runtime 0 from 138 to 132
Event: 86.669 Thread 0x00007f7fd80b2210 compacted oop handles in JVMCI runtime 0 from 135 to 132
Event: 86.687 Thread 0x00007f7fd80b2210 compacted oop handles in JVMCI runtime 0 from 134 to 132
Event: 86.770 Thread 0x00007f7fd80b2210 compacted oop handles in JVMCI runtime 0 from 138 to 135
Event: 86.770 Thread 0x00007f7fd80b2210 compacted oop handles in JVMCI runtime 0 from 136 to 126
Event: 89.798 Thread 0x00007f7fd80b2210 detaching from JVMCI runtime 0: releasing idle compiler thread (0 other threads still attached)
Event: 89.798 Thread 0x00007f7fd80b2210 shutting down HotSpotJVMCIRuntime for JVMCI runtime 0
Event: 89.798 Thread 0x00007f7fd80b2210 shut down JVMCI runtime 0
Event: 91.200 Thread 0x00007f7fd80b2210 destroyed JavaVM[1]@0x00007f7fbce9e340 for JVMCI runtime 0
Event: 91.200 Thread 0x00007f7fd80b2210 compacted oop handles in JVMCI runtime 0 from 134 to 134
Event: 91.200 Thread 0x00007f7fd80b2210 releasing handles for JVMCI runtime 0: oop handles=134, metadata handles={total=1056, live=489, blocks=33}
Event: 91.200 Thread 0x00007f7fd80b2210 detached from JVMCI runtime 0
Event: 455.210 Thread 0x00007f7fd80b2210 attached to JVMCI runtime 0
Event: 455.212 Thread 0x00007f7fd80b2210 created JavaVM[2]@0x00007f7f8379e340 for JVMCI runtime 0
Event: 455.212 Thread 0x00007f7fd80b2210 initializing JVMCI runtime 0
Event: 455.212 Thread 0x00007f7fd80b2210 done waiting for JavaVM references initialization in JVMCI runtime 0

Compilation events (20 events):
Event: 86.669 Thread 0x00007f7fd80b2210 nmethod 7388 0x00007f7fc7192b90 code [0x00007f7fc7192d00, 0x00007f7fc7192d78]
Event: 86.669 Thread 0x00007f7fd80b2210 7389       4       jdk.internal.jrtfs.JrtFileSystem::getFileContent (49 bytes)
Event: 86.687 Thread 0x00007f7fd80b2210 nmethod 7389 0x00007f7fc7192e90 code [0x00007f7fc7193060, 0x00007f7fc71934d0]
Event: 86.688 Thread 0x00007f7fd80b2210 7393       4       org.eclipse.jdt.internal.core.index.Index::containerRelativePath (72 bytes)
Event: 86.770 Thread 0x00007f7fd80b2210 nmethod 7393 0x00007f7fc7193a90 code [0x00007f7fc7193c20, 0x00007f7fc7193fc0]
Event: 86.770 Thread 0x00007f7fd80b2210 7379       4       org.eclipse.jdt.core.Signature::appendTypeSignature (9 bytes)
Event: 86.774 Thread 0x00007f7fd80b2210 nmethod 7379 0x00007f7fc7194290 code [0x00007f7fc7194440, 0x00007f7fc71945b0]
Event: 86.774 Thread 0x00007f7fd80b2210 7380       4       org.eclipse.jdt.core.Signature::appendTypeSignature (513 bytes)
Event: 88.288 Thread 0x00007f7fd80b2210 nmethod 7380 0x00007f7fc7194910 code [0x00007f7fc7194ac0, 0x00007f7fc7194c50]
Event: 88.288 Thread 0x00007f7fd80b2210 7375       4       org.eclipse.jdt.core.Signature::toCharArray (83 bytes)
Event: 88.302 Thread 0x00007f7fd80b2210 nmethod 7375 0x00007f7fc7194f90 code [0x00007f7fc7195180, 0x00007f7fc7195b10]
Event: 230.020 Thread 0x00007f7fd80b3720 7430       3       java.util.concurrent.Executors$RunnableAdapter::call (14 bytes)
Event: 230.020 Thread 0x00007f7fd80b3720 nmethod 7430 0x00007f7fbfaaad90 code [0x00007f7fbfaaaf40, 0x00007f7fbfaab280]
Event: 394.474 Thread 0x00007f7fd80b3720 7431       3       org.eclipse.core.runtime.SubMonitor::consume (134 bytes)
Event: 402.466 Thread 0x00007f7fd80b3720 nmethod 7431 0x00007f7fbfd0f590 code [0x00007f7fbfd0f760, 0x00007f7fbfd0fc10]
Event: 415.907 Thread 0x00007f7fd80b3720 7432       3       org.eclipse.core.internal.preferences.StringPool::add (59 bytes)
Event: 420.200 Thread 0x00007f7fd80b3720 nmethod 7432 0x00007f7fc0402d90 code [0x00007f7fc0402f80, 0x00007f7fc0403950]
Event: 420.200 Thread 0x00007f7fd80b3720 7434       3       java.util.concurrent.ThreadPoolExecutor::runStateAtLeast (11 bytes)
Event: 420.201 Thread 0x00007f7fd80b3720 nmethod 7434 0x00007f7fbfb02090 code [0x00007f7fbfb02220, 0x00007f7fbfb02370]
Event: 455.210 Thread 0x00007f7fd80b2210 7435   !   4       org.eclipse.osgi.internal.loader.BundleLoader::getImportedSources (114 bytes)

GC Heap History (20 events):
Event: 477.869 GC heap before
{Heap before GC invocations=383 (full 283):
 PSYoungGen      total 18944K, used 13824K [0x00000000f5580000, 0x00000000f6e00000, 0x0000000100000000)
  eden space 13824K, 100% used [0x00000000f5580000,0x00000000f6300000,0x00000000f6300000)
  from space 5120K, 0% used [0x00000000f6300000,0x00000000f6300000,0x00000000f6800000)
  to   space 4096K, 0% used [0x00000000f6a00000,0x00000000f6a00000,0x00000000f6e00000)
 ParOldGen       total 349696K, used 349695K [0x00000000e0000000, 0x00000000f5580000, 0x00000000f5580000)
  object space 349696K, 99% used [0x00000000e0000000,0x00000000f557fd18,0x00000000f5580000)
 Metaspace       used 53844K, committed 54720K, reserved 1105920K
  class space    used 5404K, committed 5760K, reserved 1048576K
}
Event: 479.306 GC heap after
{Heap after GC invocations=383 (full 283):
 PSYoungGen      total 17920K, used 13823K [0x00000000f5580000, 0x00000000f6e00000, 0x0000000100000000)
  eden space 13824K, 99% used [0x00000000f5580000,0x00000000f62ffeb0,0x00000000f6300000)
  from space 4096K, 0% used [0x00000000f6a00000,0x00000000f6a00000,0x00000000f6e00000)
  to   space 5120K, 0% used [0x00000000f6300000,0x00000000f6300000,0x00000000f6800000)
 ParOldGen       total 349696K, used 349695K [0x00000000e0000000, 0x00000000f5580000, 0x00000000f5580000)
  object space 349696K, 99% used [0x00000000e0000000,0x00000000f557fc20,0x00000000f5580000)
 Metaspace       used 53844K, committed 54720K, reserved 1105920K
  class space    used 5404K, committed 5760K, reserved 1048576K
}
Event: 479.307 GC heap before
{Heap before GC invocations=384 (full 284):
 PSYoungGen      total 17920K, used 13823K [0x00000000f5580000, 0x00000000f6e00000, 0x0000000100000000)
  eden space 13824K, 99% used [0x00000000f5580000,0x00000000f62ffff0,0x00000000f6300000)
  from space 4096K, 0% used [0x00000000f6a00000,0x00000000f6a00000,0x00000000f6e00000)
  to   space 5120K, 0% used [0x00000000f6300000,0x00000000f6300000,0x00000000f6800000)
 ParOldGen       total 349696K, used 349695K [0x00000000e0000000, 0x00000000f5580000, 0x00000000f5580000)
  object space 349696K, 99% used [0x00000000e0000000,0x00000000f557fc20,0x00000000f5580000)
 Metaspace       used 53844K, committed 54720K, reserved 1105920K
  class space    used 5404K, committed 5760K, reserved 1048576K
}
Event: 480.684 GC heap after
{Heap after GC invocations=384 (full 284):
 PSYoungGen      total 18944K, used 13823K [0x00000000f5580000, 0x00000000f6e00000, 0x0000000100000000)
  eden space 13824K, 99% used [0x00000000f5580000,0x00000000f62ffef0,0x00000000f6300000)
  from space 5120K, 0% used [0x00000000f6300000,0x00000000f6300000,0x00000000f6800000)
  to   space 4096K, 0% used [0x00000000f6a00000,0x00000000f6a00000,0x00000000f6e00000)
 ParOldGen       total 349696K, used 349694K [0x00000000e0000000, 0x00000000f5580000, 0x00000000f5580000)
  object space 349696K, 99% used [0x00000000e0000000,0x00000000f557fab0,0x00000000f5580000)
 Metaspace       used 53844K, committed 54720K, reserved 1105920K
  class space    used 5404K, committed 5760K, reserved 1048576K
}
Event: 480.684 GC heap before
{Heap before GC invocations=385 (full 285):
 PSYoungGen      total 18944K, used 13824K [0x00000000f5580000, 0x00000000f6e00000, 0x0000000100000000)
  eden space 13824K, 100% used [0x00000000f5580000,0x00000000f6300000,0x00000000f6300000)
  from space 5120K, 0% used [0x00000000f6300000,0x00000000f6300000,0x00000000f6800000)
  to   space 4096K, 0% used [0x00000000f6a00000,0x00000000f6a00000,0x00000000f6e00000)
 ParOldGen       total 349696K, used 349694K [0x00000000e0000000, 0x00000000f5580000, 0x00000000f5580000)
  object space 349696K, 99% used [0x00000000e0000000,0x00000000f557fab0,0x00000000f5580000)
 Metaspace       used 53844K, committed 54720K, reserved 1105920K
  class space    used 5404K, committed 5760K, reserved 1048576K
}
Event: 482.100 GC heap after
{Heap after GC invocations=385 (full 285):
 PSYoungGen      total 17920K, used 13823K [0x00000000f5580000, 0x00000000f6e00000, 0x0000000100000000)
  eden space 13824K, 99% used [0x00000000f5580000,0x00000000f62ffff0,0x00000000f6300000)
  from space 4096K, 0% used [0x00000000f6a00000,0x00000000f6a00000,0x00000000f6e00000)
  to   space 5120K, 0% used [0x00000000f6300000,0x00000000f6300000,0x00000000f6800000)
 ParOldGen       total 349696K, used 349694K [0x00000000e0000000, 0x00000000f5580000, 0x00000000f5580000)
  object space 349696K, 99% used [0x00000000e0000000,0x00000000f557fab0,0x00000000f5580000)
 Metaspace       used 53844K, committed 54720K, reserved 1105920K
  class space    used 5404K, committed 5760K, reserved 1048576K
}
Event: 482.100 GC heap before
{Heap before GC invocations=386 (full 286):
 PSYoungGen      total 17920K, used 13823K [0x00000000f5580000, 0x00000000f6e00000, 0x0000000100000000)
  eden space 13824K, 99% used [0x00000000f5580000,0x00000000f62ffff0,0x00000000f6300000)
  from space 4096K, 0% used [0x00000000f6a00000,0x00000000f6a00000,0x00000000f6e00000)
  to   space 5120K, 0% used [0x00000000f6300000,0x00000000f6300000,0x00000000f6800000)
 ParOldGen       total 349696K, used 349695K [0x00000000e0000000, 0x00000000f5580000, 0x00000000f5580000)
  object space 349696K, 99% used [0x00000000e0000000,0x00000000f557ff30,0x00000000f5580000)
 Metaspace       used 53844K, committed 54720K, reserved 1105920K
  class space    used 5404K, committed 5760K, reserved 1048576K
}
Event: 483.396 GC heap after
{Heap after GC invocations=386 (full 286):
 PSYoungGen      total 18944K, used 13823K [0x00000000f5580000, 0x00000000f6e00000, 0x0000000100000000)
  eden space 13824K, 99% used [0x00000000f5580000,0x00000000f62fff48,0x00000000f6300000)
  from space 5120K, 0% used [0x00000000f6300000,0x00000000f6300000,0x00000000f6800000)
  to   space 4096K, 0% used [0x00000000f6a00000,0x00000000f6a00000,0x00000000f6e00000)
 ParOldGen       total 349696K, used 349695K [0x00000000e0000000, 0x00000000f5580000, 0x00000000f5580000)
  object space 349696K, 99% used [0x00000000e0000000,0x00000000f557fe98,0x00000000f5580000)
 Metaspace       used 53844K, committed 54720K, reserved 1105920K
  class space    used 5404K, committed 5760K, reserved 1048576K
}
Event: 483.396 GC heap before
{Heap before GC invocations=387 (full 287):
 PSYoungGen      total 18944K, used 13823K [0x00000000f5580000, 0x00000000f6e00000, 0x0000000100000000)
  eden space 13824K, 99% used [0x00000000f5580000,0x00000000f62ffff0,0x00000000f6300000)
  from space 5120K, 0% used [0x00000000f6300000,0x00000000f6300000,0x00000000f6800000)
  to   space 4096K, 0% used [0x00000000f6a00000,0x00000000f6a00000,0x00000000f6e00000)
 ParOldGen       total 349696K, used 349695K [0x00000000e0000000, 0x00000000f5580000, 0x00000000f5580000)
  object space 349696K, 99% used [0x00000000e0000000,0x00000000f557fff8,0x00000000f5580000)
 Metaspace       used 53844K, committed 54720K, reserved 1105920K
  class space    used 5404K, committed 5760K, reserved 1048576K
}
Event: 484.793 GC heap after
{Heap after GC invocations=387 (full 287):
 PSYoungGen      total 17920K, used 13823K [0x00000000f5580000, 0x00000000f6e00000, 0x0000000100000000)
  eden space 13824K, 99% used [0x00000000f5580000,0x00000000f62fffc0,0x00000000f6300000)
  from space 4096K, 0% used [0x00000000f6a00000,0x00000000f6a00000,0x00000000f6e00000)
  to   space 5120K, 0% used [0x00000000f6300000,0x00000000f6300000,0x00000000f6800000)
 ParOldGen       total 349696K, used 349695K [0x00000000e0000000, 0x00000000f5580000, 0x00000000f5580000)
  object space 349696K, 99% used [0x00000000e0000000,0x00000000f557ff90,0x00000000f5580000)
 Metaspace       used 53844K, committed 54720K, reserved 1105920K
  class space    used 5404K, committed 5760K, reserved 1048576K
}
Event: 484.793 GC heap before
{Heap before GC invocations=388 (full 288):
 PSYoungGen      total 17920K, used 13823K [0x00000000f5580000, 0x00000000f6e00000, 0x0000000100000000)
  eden space 13824K, 99% used [0x00000000f5580000,0x00000000f62ffff0,0x00000000f6300000)
  from space 4096K, 0% used [0x00000000f6a00000,0x00000000f6a00000,0x00000000f6e00000)
  to   space 5120K, 0% used [0x00000000f6300000,0x00000000f6300000,0x00000000f6800000)
 ParOldGen       total 349696K, used 349695K [0x00000000e0000000, 0x00000000f5580000, 0x00000000f5580000)
  object space 349696K, 99% used [0x00000000e0000000,0x00000000f557ff90,0x00000000f5580000)
 Metaspace       used 53844K, committed 54720K, reserved 1105920K
  class space    used 5404K, committed 5760K, reserved 1048576K
}
Event: 486.191 GC heap after
{Heap after GC invocations=388 (full 288):
 PSYoungGen      total 18944K, used 13823K [0x00000000f5580000, 0x00000000f6e00000, 0x0000000100000000)
  eden space 13824K, 99% used [0x00000000f5580000,0x00000000f62fffd8,0x00000000f6300000)
  from space 5120K, 0% used [0x00000000f6300000,0x00000000f6300000,0x00000000f6800000)
  to   space 4096K, 0% used [0x00000000f6a00000,0x00000000f6a00000,0x00000000f6e00000)
 ParOldGen       total 349696K, used 349695K [0x00000000e0000000, 0x00000000f5580000, 0x00000000f5580000)
  object space 349696K, 99% used [0x00000000e0000000,0x00000000f557ff90,0x00000000f5580000)
 Metaspace       used 53844K, committed 54720K, reserved 1105920K
  class space    used 5404K, committed 5760K, reserved 1048576K
}
Event: 486.192 GC heap before
{Heap before GC invocations=389 (full 289):
 PSYoungGen      total 18944K, used 13823K [0x00000000f5580000, 0x00000000f6e00000, 0x0000000100000000)
  eden space 13824K, 99% used [0x00000000f5580000,0x00000000f62ffff8,0x00000000f6300000)
  from space 5120K, 0% used [0x00000000f6300000,0x00000000f6300000,0x00000000f6800000)
  to   space 4096K, 0% used [0x00000000f6a00000,0x00000000f6a00000,0x00000000f6e00000)
 ParOldGen       total 349696K, used 349695K [0x00000000e0000000, 0x00000000f5580000, 0x00000000f5580000)
  object space 349696K, 99% used [0x00000000e0000000,0x00000000f557ff90,0x00000000f5580000)
 Metaspace       used 53844K, committed 54720K, reserved 1105920K
  class space    used 5404K, committed 5760K, reserved 1048576K
}
Event: 487.798 GC heap after
{Heap after GC invocations=389 (full 289):
 PSYoungGen      total 17920K, used 13823K [0x00000000f5580000, 0x00000000f6e00000, 0x0000000100000000)
  eden space 13824K, 99% used [0x00000000f5580000,0x00000000f62ffff8,0x00000000f6300000)
  from space 4096K, 0% used [0x00000000f6a00000,0x00000000f6a00000,0x00000000f6e00000)
  to   space 5120K, 0% used [0x00000000f6300000,0x00000000f6300000,0x00000000f6800000)
 ParOldGen       total 349696K, used 349695K [0x00000000e0000000, 0x00000000f5580000, 0x00000000f5580000)
  object space 349696K, 99% used [0x00000000e0000000,0x00000000f557ff90,0x00000000f5580000)
 Metaspace       used 53844K, committed 54720K, reserved 1105920K
  class space    used 5404K, committed 5760K, reserved 1048576K
}
Event: 487.799 GC heap before
{Heap before GC invocations=390 (full 290):
 PSYoungGen      total 17920K, used 13823K [0x00000000f5580000, 0x00000000f6e00000, 0x0000000100000000)
  eden space 13824K, 99% used [0x00000000f5580000,0x00000000f62ffff8,0x00000000f6300000)
  from space 4096K, 0% used [0x00000000f6a00000,0x00000000f6a00000,0x00000000f6e00000)
  to   space 5120K, 0% used [0x00000000f6300000,0x00000000f6300000,0x00000000f6800000)
 ParOldGen       total 349696K, used 349695K [0x00000000e0000000, 0x00000000f5580000, 0x00000000f5580000)
  object space 349696K, 99% used [0x00000000e0000000,0x00000000f557fff8,0x00000000f5580000)
 Metaspace       used 53844K, committed 54720K, reserved 1105920K
  class space    used 5404K, committed 5760K, reserved 1048576K
}
Event: 489.183 GC heap after
{Heap after GC invocations=390 (full 290):
 PSYoungGen      total 18944K, used 13823K [0x00000000f5580000, 0x00000000f6e00000, 0x0000000100000000)
  eden space 13824K, 99% used [0x00000000f5580000,0x00000000f62fffe8,0x00000000f6300000)
  from space 5120K, 0% used [0x00000000f6300000,0x00000000f6300000,0x00000000f6800000)
  to   space 4096K, 0% used [0x00000000f6a00000,0x00000000f6a00000,0x00000000f6e00000)
 ParOldGen       total 349696K, used 349695K [0x00000000e0000000, 0x00000000f5580000, 0x00000000f5580000)
  object space 349696K, 99% used [0x00000000e0000000,0x00000000f557ffc8,0x00000000f5580000)
 Metaspace       used 53844K, committed 54720K, reserved 1105920K
  class space    used 5404K, committed 5760K, reserved 1048576K
}
Event: 489.183 GC heap before
{Heap before GC invocations=391 (full 291):
 PSYoungGen      total 18944K, used 13823K [0x00000000f5580000, 0x00000000f6e00000, 0x0000000100000000)
  eden space 13824K, 99% used [0x00000000f5580000,0x00000000f62ffff8,0x00000000f6300000)
  from space 5120K, 0% used [0x00000000f6300000,0x00000000f6300000,0x00000000f6800000)
  to   space 4096K, 0% used [0x00000000f6a00000,0x00000000f6a00000,0x00000000f6e00000)
 ParOldGen       total 349696K, used 349695K [0x00000000e0000000, 0x00000000f5580000, 0x00000000f5580000)
  object space 349696K, 99% used [0x00000000e0000000,0x00000000f557ffc8,0x00000000f5580000)
 Metaspace       used 53844K, committed 54720K, reserved 1105920K
  class space    used 5404K, committed 5760K, reserved 1048576K
}
Event: 490.675 GC heap after
{Heap after GC invocations=391 (full 291):
 PSYoungGen      total 17920K, used 13823K [0x00000000f5580000, 0x00000000f6e00000, 0x0000000100000000)
  eden space 13824K, 99% used [0x00000000f5580000,0x00000000f62fffe8,0x00000000f6300000)
  from space 4096K, 0% used [0x00000000f6a00000,0x00000000f6a00000,0x00000000f6e00000)
  to   space 5120K, 0% used [0x00000000f6300000,0x00000000f6300000,0x00000000f6800000)
 ParOldGen       total 349696K, used 349695K [0x00000000e0000000, 0x00000000f5580000, 0x00000000f5580000)
  object space 349696K, 99% used [0x00000000e0000000,0x00000000f557ffc8,0x00000000f5580000)
 Metaspace       used 53844K, committed 54720K, reserved 1105920K
  class space    used 5404K, committed 5760K, reserved 1048576K
}
Event: 490.675 GC heap before
{Heap before GC invocations=392 (full 292):
 PSYoungGen      total 17920K, used 13823K [0x00000000f5580000, 0x00000000f6e00000, 0x0000000100000000)
  eden space 13824K, 99% used [0x00000000f5580000,0x00000000f62fffe8,0x00000000f6300000)
  from space 4096K, 0% used [0x00000000f6a00000,0x00000000f6a00000,0x00000000f6e00000)
  to   space 5120K, 0% used [0x00000000f6300000,0x00000000f6300000,0x00000000f6800000)
 ParOldGen       total 349696K, used 349695K [0x00000000e0000000, 0x00000000f5580000, 0x00000000f5580000)
  object space 349696K, 99% used [0x00000000e0000000,0x00000000f557ffc8,0x00000000f5580000)
 Metaspace       used 53844K, committed 54720K, reserved 1105920K
  class space    used 5404K, committed 5760K, reserved 1048576K
}
Event: 492.168 GC heap after
{Heap after GC invocations=392 (full 292):
 PSYoungGen      total 18944K, used 13823K [0x00000000f5580000, 0x00000000f6e00000, 0x0000000100000000)
  eden space 13824K, 99% used [0x00000000f5580000,0x00000000f62fffe8,0x00000000f6300000)
  from space 5120K, 0% used [0x00000000f6300000,0x00000000f6300000,0x00000000f6800000)
  to   space 4096K, 0% used [0x00000000f6a00000,0x00000000f6a00000,0x00000000f6e00000)
 ParOldGen       total 349696K, used 349695K [0x00000000e0000000, 0x00000000f5580000, 0x00000000f5580000)
  object space 349696K, 99% used [0x00000000e0000000,0x00000000f557ffc8,0x00000000f5580000)
 Metaspace       used 53844K, committed 54720K, reserved 1105920K
  class space    used 5404K, committed 5760K, reserved 1048576K
}

Dll operation events (9 events):
Event: 0.003 Loaded shared library /nix/store/gpxl5qgg8kicmcvivwmybwjlpf7wh20l-graalvm17-ce-22.3.0/lib/libjava.so
Event: 0.064 Loaded shared library /nix/store/gpxl5qgg8kicmcvivwmybwjlpf7wh20l-graalvm17-ce-22.3.0/lib/libjsvml.so
Event: 0.404 Loaded shared library /nix/store/gpxl5qgg8kicmcvivwmybwjlpf7wh20l-graalvm17-ce-22.3.0/lib/libnio.so
Event: 0.411 Loaded shared library /nix/store/gpxl5qgg8kicmcvivwmybwjlpf7wh20l-graalvm17-ce-22.3.0/lib/libzip.so
Event: 0.418 Loaded shared library /nix/store/gpxl5qgg8kicmcvivwmybwjlpf7wh20l-graalvm17-ce-22.3.0/lib/libjvmcicompiler.so
Event: 0.974 Loaded shared library /nix/store/gpxl5qgg8kicmcvivwmybwjlpf7wh20l-graalvm17-ce-22.3.0/lib/libjimage.so
Event: 1.589 Loaded shared library /nix/store/gpxl5qgg8kicmcvivwmybwjlpf7wh20l-graalvm17-ce-22.3.0/lib/libnet.so
Event: 5.667 Loaded shared library /home/runner/.cache/jdt-language-server/config/org.eclipse.equinox.launcher/org.eclipse.equinox.launcher.gtk.linux.x86_64_1.2.400.v20211117-0650/eclipse_11600.so
Event: 16.570 Loaded shared library /nix/store/gpxl5qgg8kicmcvivwmybwjlpf7wh20l-graalvm17-ce-22.3.0/lib/libextnet.so

Deoptimization events (20 events):
Event: 76.363 Thread 0x00007f7f6c4ad990 DEOPT PACKING pc=0x00007f7fc0323edd sp=0x00007f7f84bfe530
Event: 76.363 Thread 0x00007f7f6c4ad990 DEOPT UNPACKING pc=0x00007f7fbf505325 sp=0x00007f7f84bfda20 mode 0
Event: 76.367 Thread 0x00007f7f6c4ad990 DEOPT PACKING pc=0x00007f7fc0323edd sp=0x00007f7f84bfe530
Event: 76.367 Thread 0x00007f7f6c4ad990 DEOPT UNPACKING pc=0x00007f7fbf505325 sp=0x00007f7f84bfda20 mode 0
Event: 433.083 Thread 0x00007f7f680028d0 Uncommon trap: trap_request=0xffffff8f fr.pc=0x00007f7fc70593d2 relative=0x0000000000000972
Event: 433.083 Thread 0x00007f7f680028d0 Uncommon trap: reason=constraint action=none pc=0x00007f7fc70593d2 method=java.util.HashMap.putVal(ILjava/lang/Object;Ljava/lang/Object;ZZ)Ljava/lang/Object; @ 29 jvmci
Event: 433.083 Thread 0x00007f7f680028d0 DEOPT PACKING pc=0x00007f7fc70593d2 sp=0x00007f7f846fdfe0
Event: 433.083 Thread 0x00007f7f680028d0 DEOPT UNPACKING pc=0x00007f7fbf505325 sp=0x00007f7f846fd480 mode 3
Event: 433.083 Thread 0x00007f7f6c4ad990 Uncommon trap: trap_request=0xffffff8f fr.pc=0x00007f7fc7182f09 relative=0x00000000000011c9
Event: 433.083 Thread 0x00007f7f6c4ad990 Uncommon trap: reason=constraint action=none pc=0x00007f7fc7182f09 method=org.eclipse.jdt.internal.core.index.DiskIndex.copyQueryResults(Lorg/eclipse/jdt/internal/compiler/util/HashtableOfObject;I)V @ 123 jvmci
Event: 434.781 Thread 0x00007f7f6c4ad990 DEOPT PACKING pc=0x00007f7fc7182f09 sp=0x00007f7f84bfe530
Event: 434.781 Thread 0x00007f7f6c4ad990 DEOPT UNPACKING pc=0x00007f7fbf505325 sp=0x00007f7f84bfda28 mode 3
Event: 437.767 Thread 0x00007f7f680028d0 Uncommon trap: trap_request=0xffffff8f fr.pc=0x00007f7fc6fab34e relative=0x000000000000066e
Event: 437.767 Thread 0x00007f7f680028d0 Uncommon trap: reason=constraint action=none pc=0x00007f7fc6fab34e method=java.util.HashMap.resize()[Ljava/util/HashMap$Node; @ 131 jvmci
Event: 437.768 Thread 0x00007f7f680028d0 DEOPT PACKING pc=0x00007f7fc6fab34e sp=0x00007f7f846fdfa0
Event: 437.768 Thread 0x00007f7f680028d0 DEOPT UNPACKING pc=0x00007f7fbf505325 sp=0x00007f7f846fd3f8 mode 3
Event: 440.772 Thread 0x00007f7f680028d0 DEOPT PACKING pc=0x00007f7fc7058f74 sp=0x00007f7f846fdfe0
Event: 440.772 Thread 0x00007f7f680028d0 DEOPT UNPACKING pc=0x00007f7fbf505325 sp=0x00007f7f846fd480 mode 1
Event: 440.772 Thread 0x00007f7f680028d0 DEOPT PACKING pc=0x00007f7fc6facbc4 sp=0x00007f7f846fe060
Event: 440.772 Thread 0x00007f7f680028d0 DEOPT UNPACKING pc=0x00007f7fbf505325 sp=0x00007f7f846fd530 mode 1

Classes unloaded (20 events):
Event: 85.676 Thread 0x00007f7fd80a1c30 Unloading class 0x0000000800eec000 'jdk/internal/reflect/GeneratedConstructorAccessor8'
Event: 85.676 Thread 0x00007f7fd80a1c30 Unloading class 0x0000000800d99000 'java/lang/invoke/LambdaForm$MH+0x0000000800d99000'
Event: 85.676 Thread 0x00007f7fd80a1c30 Unloading class 0x0000000800d98c00 'java/lang/invoke/LambdaForm$MH+0x0000000800d98c00'
Event: 85.676 Thread 0x00007f7fd80a1c30 Unloading class 0x0000000800d98800 'java/lang/invoke/LambdaForm$MH+0x0000000800d98800'
Event: 85.676 Thread 0x00007f7fd80a1c30 Unloading class 0x0000000800d98400 'java/lang/invoke/LambdaForm$MH+0x0000000800d98400'
Event: 85.676 Thread 0x00007f7fd80a1c30 Unloading class 0x0000000800d98000 'jdk/internal/reflect/GeneratedConstructorAccessor3'
Event: 85.676 Thread 0x00007f7fd80a1c30 Unloading class 0x0000000800d06800 'java/lang/invoke/LambdaForm$MH+0x0000000800d06800'
Event: 85.676 Thread 0x00007f7fd80a1c30 Unloading class 0x0000000800d06000 'java/lang/invoke/LambdaForm$MH+0x0000000800d06000'
Event: 85.676 Thread 0x00007f7fd80a1c30 Unloading class 0x0000000800d05c00 'java/lang/invoke/LambdaForm$MH+0x0000000800d05c00'
Event: 85.676 Thread 0x00007f7fd80a1c30 Unloading class 0x0000000800d05800 'java/lang/invoke/LambdaForm$MH+0x0000000800d05800'
Event: 85.676 Thread 0x00007f7fd80a1c30 Unloading class 0x0000000800d05000 'java/lang/invoke/LambdaForm$MH+0x0000000800d05000'
Event: 85.676 Thread 0x00007f7fd80a1c30 Unloading class 0x0000000800d04c00 'java/lang/invoke/LambdaForm$MH+0x0000000800d04c00'
Event: 85.676 Thread 0x00007f7fd80a1c30 Unloading class 0x0000000800d04800 'java/lang/invoke/LambdaForm$MH+0x0000000800d04800'
Event: 85.676 Thread 0x00007f7fd80a1c30 Unloading class 0x0000000800d04000 'java/lang/invoke/LambdaForm$MH+0x0000000800d04000'
Event: 85.676 Thread 0x00007f7fd80a1c30 Unloading class 0x0000000800c1d000 'jdk/internal/reflect/GeneratedMethodAccessor5'
Event: 85.676 Thread 0x00007f7fd80a1c30 Unloading class 0x0000000800c1cc00 'jdk/internal/reflect/GeneratedMethodAccessor4'
Event: 85.676 Thread 0x00007f7fd80a1c30 Unloading class 0x0000000800c1c800 'jdk/internal/reflect/GeneratedMethodAccessor3'
Event: 85.676 Thread 0x00007f7fd80a1c30 Unloading class 0x0000000800c1c400 'jdk/internal/reflect/GeneratedMethodAccessor2'
Event: 85.676 Thread 0x00007f7fd80a1c30 Unloading class 0x0000000800c1c000 'jdk/internal/reflect/GeneratedMethodAccessor1'
Event: 85.676 Thread 0x00007f7fd80a1c30 Unloading class 0x0000000800c01c00 'java/lang/invoke/LambdaForm$DMH+0x0000000800c01c00'

Classes redefined (0 events):
No events

Internal exceptions (20 events):
Event: 38.769 Thread 0x00007f7f68001580 Exception <a 'sun/nio/fs/UnixException'{0x00000000f5a257a8}> (0x00000000f5a257a8) 
thrown [src/hotspot/share/prims/jni.cpp, line 516]
Event: 40.898 Thread 0x00007f7f4814d770 Exception <a 'java/lang/NoSuchMethodError'{0x00000000f5ae0348}: 'int java.lang.invoke.DirectMethodHandle$Holder.invokeStatic(java.lang.Object, java.lang.Object, java.lang.Object, int)'> (0x00000000f5ae0348) 
thrown [src/hotspot/share/interpreter/linkResolver.cpp, line 758]
Event: 40.920 Thread 0x00007f7f68001580 Exception <a 'sun/nio/fs/UnixException'{0x00000000f5c52920}> (0x00000000f5c52920) 
thrown [src/hotspot/share/prims/jni.cpp, line 516]
Event: 44.116 Thread 0x00007f7f60102080 Exception <a 'java/lang/NoSuchMethodError'{0x00000000f5b065b8}: 'java.lang.Object java.lang.invoke.DirectMethodHandle$Holder.invokeStatic(java.lang.Object, java.lang.Object, java.lang.Object, long)'> (0x00000000f5b065b8) 
thrown [src/hotspot/share/interpreter/linkResolver.cpp, line 758]
Event: 44.127 Thread 0x00007f7f60102080 Exception <a 'java/lang/NoSuchMethodError'{0x00000000f5b0f868}: 'java.lang.Object java.lang.invoke.DirectMethodHandle$Holder.newInvokeSpecial(java.lang.Object, java.lang.Object, java.lang.Object, long)'> (0x00000000f5b0f868) 
thrown [src/hotspot/share/interpreter/linkResolver.cpp, line 758]
Event: 44.128 Thread 0x00007f7f60102080 Exception <a 'java/lang/NoSuchMethodError'{0x00000000f5b14c48}: 'java.lang.Object java.lang.invoke.DirectMethodHandle$Holder.invokeSpecial(java.lang.Object, java.lang.Object, java.lang.Object, java.lang.Object, long)'> (0x00000000f5b14c48) 
thrown [src/hotspot/share/interpreter/linkResolver.cpp, line 758]
Event: 44.128 Thread 0x00007f7f60102080 Exception <a 'java/lang/NoSuchMethodError'{0x00000000f5b18c58}: 'java.lang.Object java.lang.invoke.Invokers$Holder.linkToTargetMethod(java.lang.Object, java.lang.Object, long, java.lang.Object)'> (0x00000000f5b18c58) 
thrown [src/hotspot/share/interpreter/linkResolver.cpp, line 758]
Event: 44.264 Thread 0x00007f7f4814d770 Exception <a 'java/lang/NoSuchMethodError'{0x00000000f5ec5f00}: 'java.lang.Object java.lang.invoke.DirectMethodHandle$Holder.invokeStatic(java.lang.Object, int, java.lang.Object, java.lang.Object, java.lang.Object, java.lang.Object)'> (0x00000000f5ec5f00) 
thrown [src/hotspot/share/interpreter/linkResolver.cpp, line 758]
Event: 44.469 Thread 0x00007f7f4814d770 Exception <a 'java/lang/NoSuchMethodError'{0x00000000f634af48}: 'void java.lang.invoke.DirectMethodHandle$Holder.invokeSpecial(java.lang.Object, java.lang.Object, int)'> (0x00000000f634af48) 
thrown [src/hotspot/share/interpreter/linkResolver.cpp, line 758]
Event: 46.209 Thread 0x00007f7f4814d770 Exception <a 'java/lang/NoSuchMethodError'{0x00000000f6357d40}: 'int java.lang.invoke.DirectMethodHandle$Holder.invokeSpecialIFC(java.lang.Object, java.lang.Object, java.lang.Object, java.lang.Object)'> (0x00000000f6357d40) 
thrown [src/hotspot/share/interpreter/linkResolver.cpp, line 758]
Event: 59.293 Thread 0x00007f7f6c4ad990 Implicit null exception at 0x00007f7fc7137991 to 0x00007f7fc7137e0d
Event: 430.125 Thread 0x00007f7f680028d0 Exception <a 'java/lang/OutOfMemoryError'{0x00000000e0004b60}> (0x00000000e0004b60) 
thrown [src/hotspot/share/gc/shared/memAllocator.cpp, line 138]
Event: 433.083 Thread 0x00007f7f680028d0 Implicit null exception at 0x00007f7fc7059113 to 0x00007f7fc70593b7
Event: 433.083 Thread 0x00007f7f6c4ad990 Exception <a 'java/lang/OutOfMemoryError'{0x00000000e0004b60}> (0x00000000e0004b60) 
thrown [src/hotspot/share/gc/shared/memAllocator.cpp, line 138]
Event: 433.083 Thread 0x00007f7f6c4ad990 Implicit null exception at 0x00007f7fc7182953 to 0x00007f7fc7182eee
Event: 437.767 Thread 0x00007f7f680028d0 Exception <a 'java/lang/OutOfMemoryError'{0x00000000e0004020}> (0x00000000e0004020) 
thrown [src/hotspot/share/gc/shared/memAllocator.cpp, line 138]
Event: 437.767 Thread 0x00007f7f680028d0 Implicit null exception at 0x00007f7fc6fab1de to 0x00007f7fc6fab333
Event: 440.772 Thread 0x00007f7f680028d0 Exception <a 'java/lang/OutOfMemoryError'{0x00000000e0004340}> (0x00000000e0004340) 
thrown [src/hotspot/share/gc/shared/memAllocator.cpp, line 136]
Event: 468.289 Thread 0x00007f7f680028d0 Exception <a 'java/lang/OutOfMemoryError'{0x00000000e0004340}> (0x00000000e0004340) 
thrown [src/hotspot/share/gc/shared/memAllocator.cpp, line 136]
Event: 492.168 Thread 0x00007f7fd80b2210 Exception <a 'java/lang/OutOfMemoryError'{0x00000000e0004340}> (0x00000000e0004340) 
thrown [src/hotspot/share/gc/shared/memAllocator.cpp, line 136]

VM Operations (20 events):
Event: 476.499 Executing VM operation: ParallelGCFailedAllocation
Event: 477.869 Executing VM operation: ParallelGCFailedAllocation done
Event: 477.869 Executing VM operation: ParallelGCFailedAllocation
Event: 479.307 Executing VM operation: ParallelGCFailedAllocation done
Event: 479.307 Executing VM operation: ParallelGCFailedAllocation
Event: 480.684 Executing VM operation: ParallelGCFailedAllocation done
Event: 480.684 Executing VM operation: ParallelGCFailedAllocation
Event: 482.100 Executing VM operation: ParallelGCFailedAllocation done
Event: 482.100 Executing VM operation: ParallelGCFailedAllocation
Event: 483.396 Executing VM operation: ParallelGCFailedAllocation done
Event: 483.396 Executing VM operation: ParallelGCFailedAllocation
Event: 484.793 Executing VM operation: ParallelGCFailedAllocation done
Event: 484.793 Executing VM operation: ParallelGCFailedAllocation
Event: 486.191 Executing VM operation: ParallelGCFailedAllocation done
Event: 486.192 Executing VM operation: ParallelGCFailedAllocation
Event: 487.798 Executing VM operation: ParallelGCFailedAllocation done
Event: 487.799 Executing VM operation: ParallelGCFailedAllocation
Event: 489.183 Executing VM operation: ParallelGCFailedAllocation done
Event: 489.183 Executing VM operation: ParallelGCFailedAllocation
Event: 492.168 Executing VM operation: ParallelGCFailedAllocation done

Events (20 events):
Event: 63.886 Thread 0x00007f7fd80b4b70 flushing nmethod 0x00007f7fc054d190
Event: 63.887 Thread 0x00007f7fd80b4b70 flushing nmethod 0x00007f7fc0597990
Event: 63.887 Thread 0x00007f7fd80b4b70 flushing nmethod 0x00007f7fc05a9310
Event: 63.887 Thread 0x00007f7fd80b4b70 flushing nmethod 0x00007f7fc05ac210
Event: 63.887 Thread 0x00007f7fd80b4b70 flushing nmethod 0x00007f7fc05fef90
Event: 63.887 Thread 0x00007f7fd80b4b70 flushing nmethod 0x00007f7fc0609190
Event: 63.887 Thread 0x00007f7fd80b4b70 flushing nmethod 0x00007f7fc06af690
Event: 63.887 Thread 0x00007f7fd80b4b70 flushing nmethod 0x00007f7fc06c0410
Event: 63.887 Thread 0x00007f7fd80b4b70 flushing nmethod 0x00007f7fc06df110
Event: 63.887 Thread 0x00007f7fd80b4b70 flushing nmethod 0x00007f7fc077d390
Event: 105.189 Thread 0x00007f7f68001580 Thread exited: 0x00007f7f68001580
Event: 105.189 Thread 0x00007f7f44000ff0 Thread exited: 0x00007f7f44000ff0
Event: 108.400 Thread 0x00007f7f54000ff0 Thread exited: 0x00007f7f54000ff0
Event: 108.400 Thread 0x00007f7f60102080 Thread exited: 0x00007f7f60102080
Event: 112.470 Thread 0x00007f7f6c305720 Thread exited: 0x00007f7f6c305720
Event: 170.485 Thread 0x00007f7f6805be70 Thread exited: 0x00007f7f6805be70
Event: 319.570 Thread 0x00007f7f28001210 Thread added: 0x00007f7f28001210
Event: 319.570 Protecting memory [0x00007f7f83d00000,0x00007f7f83d04000] with protection modes 0
Event: 448.862 loading class java/lang/AssertionError
Event: 448.862 loading class java/lang/AssertionError done


Dynamic libraries:
e0000000-f5580000 rw-p 00000000 00:00 0 
f5580000-f6e00000 rw-p 00000000 00:00 0 
f6e00000-100000000 ---p 00000000 00:00 0 
800000000-800449000 rw-p 00001000 00:1840 9223372037562745673            /nix/store/gpxl5qgg8kicmcvivwmybwjlpf7wh20l-graalvm17-ce-22.3.0/lib/server/classes.jsa
800449000-800bc8000 r--p 0044a000 00:1840 9223372037562745673            /nix/store/gpxl5qgg8kicmcvivwmybwjlpf7wh20l-graalvm17-ce-22.3.0/lib/server/classes.jsa
800bc8000-800c00000 ---p 00000000 00:00 0 
800c00000-800c20000 rw-p 00000000 00:00 0 
800c20000-800c40000 rw-p 00000000 00:00 0 
800c40000-800cc0000 rw-p 00000000 00:00 0 
800cc0000-800d00000 rw-p 00000000 00:00 0 
800d00000-800dc0000 rw-p 00000000 00:00 0 
800dc0000-800e00000 rw-p 00000000 00:00 0 
800e00000-800f40000 rw-p 00000000 00:00 0 
800f40000-800fc0000 rw-p 00000000 00:00 0 
800fc0000-800ff0000 rw-p 00000000 00:00 0 
800ff0000-801000000 ---p 00000000 00:00 0 
801000000-8011b0000 rw-p 00000000 00:00 0 
8011b0000-840c00000 ---p 00000000 00:00 0 
55cba5cdc000-55cba5cdd000 r-xp 00000000 00:1840 9223372037526805748      /nix/store/gpxl5qgg8kicmcvivwmybwjlpf7wh20l-graalvm17-ce-22.3.0/bin/.java-wrapped
55cba5cde000-55cba5cdf000 r--p 00001000 00:1840 9223372037526805748      /nix/store/gpxl5qgg8kicmcvivwmybwjlpf7wh20l-graalvm17-ce-22.3.0/bin/.java-wrapped
55cba5cdf000-55cba5ce0000 rw-p 00002000 00:1840 9223372037526805748      /nix/store/gpxl5qgg8kicmcvivwmybwjlpf7wh20l-graalvm17-ce-22.3.0/bin/.java-wrapped
55cba5ce0000-55cba5ce1000 rw-p 00004000 00:1840 9223372037526805748      /nix/store/gpxl5qgg8kicmcvivwmybwjlpf7wh20l-graalvm17-ce-22.3.0/bin/.java-wrapped
55cba5ce1000-55cba5ce2000 rw-p 00005000 00:1840 9223372037526805748      /nix/store/gpxl5qgg8kicmcvivwmybwjlpf7wh20l-graalvm17-ce-22.3.0/bin/.java-wrapped
55cba76f4000-55cba773c000 rw-p 00000000 00:00 0                          [heap]
7f7f18000000-7f7f18021000 rw-p 00000000 00:00 0 
7f7f18021000-7f7f1c000000 ---p 00000000 00:00 0 
7f7f20000000-7f7f201ed000 rw-p 00000000 00:00 0 
7f7f201ed000-7f7f24000000 ---p 00000000 00:00 0 
7f7f24000000-7f7f2404f000 rw-p 00000000 00:00 0 
7f7f2404f000-7f7f28000000 ---p 00000000 00:00 0 
7f7f28000000-7f7f28021000 rw-p 00000000 00:00 0 
7f7f28021000-7f7f2c000000 ---p 00000000 00:00 0 
7f7f2e4b3000-7f7f38000000 r--s 00000000 00:1840 9223372037562580485      /nix/store/gpxl5qgg8kicmcvivwmybwjlpf7wh20l-graalvm17-ce-22.3.0/lib/modules
7f7f38000000-7f7f38021000 rw-p 00000000 00:00 0 
7f7f38021000-7f7f3c000000 ---p 00000000 00:00 0 
7f7f3c000000-7f7f3c0ed000 rw-p 00000000 00:00 0 
7f7f3c0ed000-7f7f40000000 ---p 00000000 00:00 0 
7f7f41400000-7f7f41420000 rw-p 00000000 00:00 0 
7f7f41420000-7f7f41c00000 ---p 00000000 00:00 0 
7f7f42800000-7f7f43000000 rw-p 00000000 00:00 0 
7f7f43000000-7f7f43200000 rw-p 00000000 00:00 0 
7f7f43200000-7f7f43500000 rw-p 00000000 00:00 0 
7f7f43500000-7f7f435b0000 rw-p 00000000 00:00 0 
7f7f435b0000-7f7f43600000 ---p 00000000 00:00 0 
7f7f43600000-7f7f43800000 rw-p 00000000 00:00 0 
7f7f43800000-7f7f43880000 rw-p 00000000 00:00 0 
7f7f43880000-7f7f43900000 rw-p 00000000 00:00 0 
7f7f43900000-7f7f43b00000 rw-p 00000000 00:00 0 
7f7f43b00000-7f7f43d00000 rw-p 00000000 00:00 0 
7f7f43d00000-7f7f43e00000 rw-p 00000000 00:00 0 
7f7f43e00000-7f7f44000000 rw-p 00000000 00:00 0 
7f7f44000000-7f7f44116000 rw-p 00000000 00:00 0 
7f7f44116000-7f7f48000000 ---p 00000000 00:00 0 
7f7f48000000-7f7f481ee000 rw-p 00000000 00:00 0 
7f7f481ee000-7f7f4c000000 ---p 00000000 00:00 0 
7f7f4c000000-7f7f4c021000 rw-p 00000000 00:00 0 
7f7f4c021000-7f7f50000000 ---p 00000000 00:00 0 
7f7f50000000-7f7f50021000 rw-p 00000000 00:00 0 
7f7f50021000-7f7f54000000 ---p 00000000 00:00 0 
7f7f54000000-7f7f54067000 rw-p 00000000 00:00 0 
7f7f54067000-7f7f58000000 ---p 00000000 00:00 0 
7f7f58000000-7f7f58092000 rw-p 00000000 00:00 0 
7f7f58092000-7f7f5c000000 ---p 00000000 00:00 0 
7f7f5c000000-7f7f5c021000 rw-p 00000000 00:00 0 
7f7f5c021000-7f7f60000000 ---p 00000000 00:00 0 
7f7f60000000-7f7f6030d000 rw-p 00000000 00:00 0 
7f7f6030d000-7f7f64000000 ---p 00000000 00:00 0 
7f7f64000000-7f7f64021000 rw-p 00000000 00:00 0 
7f7f64021000-7f7f68000000 ---p 00000000 00:00 0 
7f7f68000000-7f7f68089000 rw-p 00000000 00:00 0 
7f7f68089000-7f7f6c000000 ---p 00000000 00:00 0 
7f7f6c000000-7f7f6c8e4000 rw-p 00000000 00:00 0 
7f7f6c8e4000-7f7f70000000 ---p 00000000 00:00 0 
7f7f70000000-7f7f70026000 rw-p 00000000 00:00 0 
7f7f70026000-7f7f74000000 ---p 00000000 00:00 0 
7f7f74000000-7f7f74021000 rw-p 00000000 00:00 0 
7f7f74021000-7f7f78000000 ---p 00000000 00:00 0 
7f7f78000000-7f7f78021000 rw-p 00000000 00:00 0 
7f7f78021000-7f7f7c000000 ---p 00000000 00:00 0 
7f7f7c000000-7f7f7c021000 rw-p 00000000 00:00 0 
7f7f7c021000-7f7f80000000 ---p 00000000 00:00 0 
7f7f80400000-7f7f80500000 rw-p 00000000 00:00 0 
7f7f80500000-7f7f80600000 rw-p 00000000 00:00 0 
7f7f80600000-7f7f80b80000 rw-p 00000000 00:00 0 
7f7f80b80000-7f7f80c00000 rw-p 00000000 00:00 0 
7f7f80c00000-7f7f80d00000 rw-p 00000000 00:00 0 
7f7f80d00000-7f7f80e00000 rw-p 00000000 00:00 0 
7f7f80e00000-7f7f81100000 rw-p 00000000 00:00 0 
7f7f81100000-7f7f81200000 rw-p 00000000 00:00 0 
7f7f81200000-7f7f81400000 rw-p 00000000 00:00 0 
7f7f81600000-7f7f81610000 r-xp 00000000 00:183c 352                      /home/runner/.cache/jdt-language-server/config/org.eclipse.equinox.launcher/org.eclipse.equinox.launcher.gtk.linux.x86_64_1.2.400.v20211117-0650/eclipse_11600.so
7f7f81610000-7f7f8180f000 ---p 00010000 00:183c 352                      /home/runner/.cache/jdt-language-server/config/org.eclipse.equinox.launcher/org.eclipse.equinox.launcher.gtk.linux.x86_64_1.2.400.v20211117-0650/eclipse_11600.so
7f7f8180f000-7f7f81810000 r--p 0000f000 00:183c 352                      /home/runner/.cache/jdt-language-server/config/org.eclipse.equinox.launcher/org.eclipse.equinox.launcher.gtk.linux.x86_64_1.2.400.v20211117-0650/eclipse_11600.so
7f7f81810000-7f7f81811000 rw-p 00010000 00:183c 352                      /home/runner/.cache/jdt-language-server/config/org.eclipse.equinox.launcher/org.eclipse.equinox.launcher.gtk.linux.x86_64_1.2.400.v20211117-0650/eclipse_11600.so
7f7f82b00000-7f7f82c00000 ---p 00000000 00:00 0 
7f7f82c00000-7f7f831af000 r--p 01122000 00:1840 9223372037562577944      /nix/store/gpxl5qgg8kicmcvivwmybwjlpf7wh20l-graalvm17-ce-22.3.0/lib/libjvmcicompiler.so
7f7f831af000-7f7f83300000 r--p 00000000 00:00 0 
7f7f83300000-7f7f8333d000 rw-p 00000000 00:00 0 
7f7f8333d000-7f7f8385d000 rw-p 0185f000 00:1840 9223372037562577944      /nix/store/gpxl5qgg8kicmcvivwmybwjlpf7wh20l-graalvm17-ce-22.3.0/lib/libjvmcicompiler.so
7f7f8385d000-7f7f83c44000 r--p 01d7f000 00:1840 9223372037562577944      /nix/store/gpxl5qgg8kicmcvivwmybwjlpf7wh20l-graalvm17-ce-22.3.0/lib/libjvmcicompiler.so
7f7f83d00000-7f7f83d04000 ---p 00000000 00:00 0 
7f7f83d04000-7f7f83e00000 rw-p 00000000 00:00 0 
7f7f83f00000-7f7f83f04000 ---p 00000000 00:00 0 
7f7f83f04000-7f7f84000000 rw-p 00000000 00:00 0 
7f7f84100000-7f7f84104000 ---p 00000000 00:00 0 
7f7f84104000-7f7f84200000 rw-p 00000000 00:00 0 
7f7f84200000-7f7f84204000 ---p 00000000 00:00 0 
7f7f84204000-7f7f84300000 rw-p 00000000 00:00 0 
7f7f84300000-7f7f84304000 ---p 00000000 00:00 0 
7f7f84304000-7f7f84400000 rw-p 00000000 00:00 0 
7f7f84500000-7f7f84504000 ---p 00000000 00:00 0 
7f7f84504000-7f7f84600000 rw-p 00000000 00:00 0 
7f7f84600000-7f7f84604000 ---p 00000000 00:00 0 
7f7f84604000-7f7f84700000 rw-p 00000000 00:00 0 
7f7f84700000-7f7f84704000 ---p 00000000 00:00 0 
7f7f84704000-7f7f84800000 rw-p 00000000 00:00 0 
7f7f84800000-7f7f84804000 ---p 00000000 00:00 0 
7f7f84804000-7f7f84900000 rw-p 00000000 00:00 0 
7f7f84900000-7f7f84904000 ---p 00000000 00:00 0 
7f7f84904000-7f7f84a00000 rw-p 00000000 00:00 0 
7f7f84b00000-7f7f84b04000 ---p 00000000 00:00 0 
7f7f84b04000-7f7f84c00000 rw-p 00000000 00:00 0 
7f7f84d00000-7f7f84d04000 ---p 00000000 00:00 0 
7f7f84d04000-7f7f84e00000 rw-p 00000000 00:00 0 
7f7f84f00000-7f7f84f04000 ---p 00000000 00:00 0 
7f7f84f04000-7f7f85000000 rw-p 00000000 00:00 0 
7f7f85100000-7f7f85104000 ---p 00000000 00:00 0 
7f7f85104000-7f7f85200000 rw-p 00000000 00:00 0 
7f7f85300000-7f7f85304000 ---p 00000000 00:00 0 
7f7f85304000-7f7f85400000 rw-p 00000000 00:00 0 
7f7f85500000-7f7f85504000 ---p 00000000 00:00 0 
7f7f85504000-7f7f85600000 rw-p 00000000 00:00 0 
7f7f85700000-7f7f85704000 ---p 00000000 00:00 0 
7f7f85704000-7f7f85800000 rw-p 00000000 00:00 0 
7f7f85900000-7f7f85904000 ---p 00000000 00:00 0 
7f7f85904000-7f7f85a00000 rw-p 00000000 00:00 0 
7f7f85b00000-7f7f85b04000 ---p 00000000 00:00 0 
7f7f85b04000-7f7f85c00000 rw-p 00000000 00:00 0 
7f7f85c00000-7f7f87d6a000 r-xp 00000000 00:1840 9223372037562577944      /nix/store/gpxl5qgg8kicmcvivwmybwjlpf7wh20l-graalvm17-ce-22.3.0/lib/libjvmcicompiler.so
7f7f87d6a000-7f7f87f69000 ---p 0216a000 00:1840 9223372037562577944      /nix/store/gpxl5qgg8kicmcvivwmybwjlpf7wh20l-graalvm17-ce-22.3.0/lib/libjvmcicompiler.so
7f7f87f69000-7f7f87f6a000 r--p 02169000 00:1840 9223372037562577944      /nix/store/gpxl5qgg8kicmcvivwmybwjlpf7wh20l-graalvm17-ce-22.3.0/lib/libjvmcicompiler.so
7f7f87f6a000-7f7f87f6c000 rw-p 0216a000 00:1840 9223372037562577944      /nix/store/gpxl5qgg8kicmcvivwmybwjlpf7wh20l-graalvm17-ce-22.3.0/lib/libjvmcicompiler.so
7f7f87f6c000-7f7f87f6d000 rw-p 00000000 00:00 0 
7f7f87f6d000-7f7f87f72000 rw-p 023c3000 00:1840 9223372037562577944      /nix/store/gpxl5qgg8kicmcvivwmybwjlpf7wh20l-graalvm17-ce-22.3.0/lib/libjvmcicompiler.so
7f7f88000000-7f7f88021000 rw-p 00000000 00:00 0 
7f7f88021000-7f7f8c000000 ---p 00000000 00:00 0 
7f7f8c000000-7f7f8c021000 rw-p 00000000 00:00 0 
7f7f8c021000-7f7f90000000 ---p 00000000 00:00 0 
7f7f90000000-7f7f90021000 rw-p 00000000 00:00 0 
7f7f90021000-7f7f94000000 ---p 00000000 00:00 0 
7f7f94000000-7f7f94021000 rw-p 00000000 00:00 0 
7f7f94021000-7f7f98000000 ---p 00000000 00:00 0 
7f7f98000000-7f7f980c5000 rw-p 00000000 00:00 0 
7f7f980c5000-7f7f9c000000 ---p 00000000 00:00 0 
7f7f9c000000-7f7f9cb49000 rw-p 00000000 00:00 0 
7f7f9cb49000-7f7fa0000000 ---p 00000000 00:00 0 
7f7fa0000000-7f7fa0021000 rw-p 00000000 00:00 0 
7f7fa0021000-7f7fa4000000 ---p 00000000 00:00 0 
7f7fa4000000-7f7fa4021000 rw-p 00000000 00:00 0 
7f7fa4021000-7f7fa8000000 ---p 00000000 00:00 0 
7f7fa8000000-7f7fa8021000 rw-p 00000000 00:00 0 
7f7fa8021000-7f7fac000000 ---p 00000000 00:00 0 
7f7fac000000-7f7fac021000 rw-p 00000000 00:00 0 
7f7fac021000-7f7fb0000000 ---p 00000000 00:00 0 
7f7fb0000000-7f7fb0021000 rw-p 00000000 00:00 0 
7f7fb0021000-7f7fb4000000 ---p 00000000 00:00 0 
7f7fb4000000-7f7fb4021000 rw-p 00000000 00:00 0 
7f7fb4021000-7f7fb8000000 ---p 00000000 00:00 0 
7f7fb8000000-7f7fb8047000 rw-p 00000000 00:00 0 
7f7fb8047000-7f7fbc000000 ---p 00000000 00:00 0 
7f7fbc100000-7f7fbc104000 ---p 00000000 00:00 0 
7f7fbc104000-7f7fbc200000 rw-p 00000000 00:00 0 
7f7fbcf68000-7f7fbd400000 rw-p 00000000 00:00 0 
7f7fbd418000-7f7fbd419000 ---p 00000000 00:00 0 
7f7fbd419000-7f7fbd51a000 rw-p 00000000 00:00 0 
7f7fbd51a000-7f7fbd51e000 ---p 00000000 00:00 0 
7f7fbd51e000-7f7fbd61a000 rw-p 00000000 00:00 0 
7f7fbd61a000-7f7fbd61e000 ---p 00000000 00:00 0 
7f7fbd61e000-7f7fbd71a000 rw-p 00000000 00:00 0 
7f7fbd71a000-7f7fbd71e000 ---p 00000000 00:00 0 
7f7fbd71e000-7f7fbd81a000 rw-p 00000000 00:00 0 
7f7fbd81a000-7f7fbd81e000 ---p 00000000 00:00 0 
7f7fbd81e000-7f7fbda1a000 rw-p 00000000 00:00 0 
7f7fbda1a000-7f7fbda1e000 ---p 00000000 00:00 0 
7f7fbda1e000-7f7fbdc1a000 rw-p 00000000 00:00 0 
7f7fbdc1a000-7f7fbdc1e000 ---p 00000000 00:00 0 
7f7fbdc1e000-7f7fbdd1a000 rw-p 00000000 00:00 0 
7f7fbdd1a000-7f7fbdd1e000 ---p 00000000 00:00 0 
7f7fbdd1e000-7f7fbde1a000 rw-p 00000000 00:00 0 
7f7fbde1a000-7f7fbde1e000 ---p 00000000 00:00 0 
7f7fbde1e000-7f7fbdf1a000 rw-p 00000000 00:00 0 
7f7fbdf1a000-7f7fbe200000 r--p 00000000 00:181a 28444448                 /usr/lib/locale/locale-archive
7f7fbe200000-7f7fbe204000 ---p 00000000 00:00 0 
7f7fbe204000-7f7fbe300000 rw-p 00000000 00:00 0 
7f7fbe300000-7f7fbe304000 ---p 00000000 00:00 0 
7f7fbe304000-7f7fbe800000 rw-p 00000000 00:00 0 
7f7fbe800000-7f7fbeb00000 rw-p 00000000 00:00 0 
7f7fbeb00000-7f7fbec00000 rw-p 00000000 00:00 0 
7f7fbecb9000-7f7fbecbd000 ---p 00000000 00:00 0 
7f7fbecbd000-7f7fbecdb000 rw-p 00000000 00:00 0 
7f7fbecdb000-7f7fbecdc000 ---p 00000000 00:00 0 
7f7fbecdc000-7f7fbeddd000 rw-p 00000000 00:00 0 
7f7fbeddd000-7f7fbeeab000 r-xp 00000000 00:1840 9223372037562577940      /nix/store/gpxl5qgg8kicmcvivwmybwjlpf7wh20l-graalvm17-ce-22.3.0/lib/libjsvml.so
7f7fbeeab000-7f7fbeeac000 r--p 000cd000 00:1840 9223372037562577940      /nix/store/gpxl5qgg8kicmcvivwmybwjlpf7wh20l-graalvm17-ce-22.3.0/lib/libjsvml.so
7f7fbeeac000-7f7fbeead000 rw-p 000ce000 00:1840 9223372037562577940      /nix/store/gpxl5qgg8kicmcvivwmybwjlpf7wh20l-graalvm17-ce-22.3.0/lib/libjsvml.so
7f7fbeead000-7f7fbf4b3000 rw-p 00000000 00:00 0 
7f7fbf4b3000-7f7fbf723000 rwxp 00000000 00:00 0 
7f7fbf723000-7f7fbfa42000 ---p 00000000 00:00 0 
7f7fbfa42000-7f7fc07a2000 rwxp 00000000 00:00 0 
7f7fc07a2000-7f7fc6f7a000 ---p 00000000 00:00 0 
7f7fc6f7a000-7f7fc71ea000 rwxp 00000000 00:00 0 
7f7fc71ea000-7f7fce4b3000 ---p 00000000 00:00 0 
7f7fce4b3000-7f7fd8000000 r--s 00000000 00:1840 9223372037562580485      /nix/store/gpxl5qgg8kicmcvivwmybwjlpf7wh20l-graalvm17-ce-22.3.0/lib/modules
7f7fd8000000-7f7fd8614000 rw-p 00000000 00:00 0 
7f7fd8614000-7f7fdc000000 ---p 00000000 00:00 0 
7f7fdc015000-7f7fdc017000 r-xp 00000000 00:1840 9223372037562577921      /nix/store/gpxl5qgg8kicmcvivwmybwjlpf7wh20l-graalvm17-ce-22.3.0/lib/libextnet.so
7f7fdc017000-7f7fdc018000 r--p 00001000 00:1840 9223372037562577921      /nix/store/gpxl5qgg8kicmcvivwmybwjlpf7wh20l-graalvm17-ce-22.3.0/lib/libextnet.so
7f7fdc018000-7f7fdc019000 rw-p 00002000 00:1840 9223372037562577921      /nix/store/gpxl5qgg8kicmcvivwmybwjlpf7wh20l-graalvm17-ce-22.3.0/lib/libextnet.so
7f7fdc019000-7f7fdc01a000 rw-p 00004000 00:1840 9223372037562577921      /nix/store/gpxl5qgg8kicmcvivwmybwjlpf7wh20l-graalvm17-ce-22.3.0/lib/libextnet.so
7f7fdc01a000-7f7fdc021000 r-xp 00000000 00:1840 9223372037562580484      /nix/store/gpxl5qgg8kicmcvivwmybwjlpf7wh20l-graalvm17-ce-22.3.0/lib/libzip.so
7f7fdc021000-7f7fdc022000 ---p 00007000 00:1840 9223372037562580484      /nix/store/gpxl5qgg8kicmcvivwmybwjlpf7wh20l-graalvm17-ce-22.3.0/lib/libzip.so
7f7fdc022000-7f7fdc023000 r--p 00007000 00:1840 9223372037562580484      /nix/store/gpxl5qgg8kicmcvivwmybwjlpf7wh20l-graalvm17-ce-22.3.0/lib/libzip.so
7f7fdc023000-7f7fdc024000 rw-p 00008000 00:1840 9223372037562580484      /nix/store/gpxl5qgg8kicmcvivwmybwjlpf7wh20l-graalvm17-ce-22.3.0/lib/libzip.so
7f7fdc024000-7f7fdc026000 rw-p 0000b000 00:1840 9223372037562580484      /nix/store/gpxl5qgg8kicmcvivwmybwjlpf7wh20l-graalvm17-ce-22.3.0/lib/libzip.so
7f7fdc026000-7f7fdc03b000 r-xp 00000000 00:1840 9223372037562580474      /nix/store/gpxl5qgg8kicmcvivwmybwjlpf7wh20l-graalvm17-ce-22.3.0/lib/libnet.so
7f7fdc03b000-7f7fdc03c000 ---p 00015000 00:1840 9223372037562580474      /nix/store/gpxl5qgg8kicmcvivwmybwjlpf7wh20l-graalvm17-ce-22.3.0/lib/libnet.so
7f7fdc03c000-7f7fdc03d000 r--p 00015000 00:1840 9223372037562580474      /nix/store/gpxl5qgg8kicmcvivwmybwjlpf7wh20l-graalvm17-ce-22.3.0/lib/libnet.so
7f7fdc03d000-7f7fdc03e000 rw-p 00016000 00:1840 9223372037562580474      /nix/store/gpxl5qgg8kicmcvivwmybwjlpf7wh20l-graalvm17-ce-22.3.0/lib/libnet.so
7f7fdc03e000-7f7fdc041000 rw-p 0001b000 00:1840 9223372037562580474      /nix/store/gpxl5qgg8kicmcvivwmybwjlpf7wh20l-graalvm17-ce-22.3.0/lib/libnet.so
7f7fdc041000-7f7fdc054000 r-xp 00000000 00:1840 9223372037562580475      /nix/store/gpxl5qgg8kicmcvivwmybwjlpf7wh20l-graalvm17-ce-22.3.0/lib/libnio.so
7f7fdc054000-7f7fdc055000 r--p 00012000 00:1840 9223372037562580475      /nix/store/gpxl5qgg8kicmcvivwmybwjlpf7wh20l-graalvm17-ce-22.3.0/lib/libnio.so
7f7fdc055000-7f7fdc056000 rw-p 00013000 00:1840 9223372037562580475      /nix/store/gpxl5qgg8kicmcvivwmybwjlpf7wh20l-graalvm17-ce-22.3.0/lib/libnio.so
7f7fdc056000-7f7fdc05b000 rw-p 00019000 00:1840 9223372037562580475      /nix/store/gpxl5qgg8kicmcvivwmybwjlpf7wh20l-graalvm17-ce-22.3.0/lib/libnio.so
7f7fdc05b000-7f7fdd32d000 rw-p 00000000 00:00 0 
7f7fdd32d000-7f7fdd32e000 ---p 00000000 00:00 0 
7f7fdd32e000-7f7fdd4d9000 rw-p 00000000 00:00 0 
7f7fdd4d9000-7f7fdd4e6000 rw-p 00000000 00:00 0 
7f7fdd4e6000-7f7fdd52f000 ---p 00000000 00:00 0 
7f7fdd52f000-7f7fdd535000 rw-p 00000000 00:00 0 
7f7fdd535000-7f7fdd61b000 ---p 00000000 00:00 0 
7f7fdd61b000-7f7fdd636000 rw-p 00000000 00:00 0 
7f7fdd636000-7f7fdd706000 ---p 00000000 00:00 0 
7f7fdd706000-7f7fdd70b000 rw-p 00000000 00:00 0 
7f7fdd70b000-7f7fdd712000 ---p 00000000 00:00 0 
7f7fdd712000-7f7fdd736000 r-xp 00000000 00:1840 9223372037562577932      /nix/store/gpxl5qgg8kicmcvivwmybwjlpf7wh20l-graalvm17-ce-22.3.0/lib/libjava.so
7f7fdd736000-7f7fdd737000 ---p 00024000 00:1840 9223372037562577932      /nix/store/gpxl5qgg8kicmcvivwmybwjlpf7wh20l-graalvm17-ce-22.3.0/lib/libjava.so
7f7fdd737000-7f7fdd738000 r--p 00024000 00:1840 9223372037562577932      /nix/store/gpxl5qgg8kicmcvivwmybwjlpf7wh20l-graalvm17-ce-22.3.0/lib/libjava.so
7f7fdd738000-7f7fdd739000 rw-p 00025000 00:1840 9223372037562577932      /nix/store/gpxl5qgg8kicmcvivwmybwjlpf7wh20l-graalvm17-ce-22.3.0/lib/libjava.so
7f7fdd739000-7f7fdd73a000 rw-p 00000000 00:00 0 
7f7fdd73a000-7f7fdd741000 rw-p 0002f000 00:1840 9223372037562577932      /nix/store/gpxl5qgg8kicmcvivwmybwjlpf7wh20l-graalvm17-ce-22.3.0/lib/libjava.so
7f7fdd741000-7f7fdd749000 rw-s 00000000 00:1e6 347                       /tmp/hsperfdata_runner/22
7f7fdd749000-7f7fdd74a000 ---p 00000000 00:00 0 
7f7fdd74a000-7f7fdd74b000 r--p 00000000 00:00 0 
7f7fdd74b000-7f7fdd74c000 rwxp 00000000 00:00 0 
7f7fdd74c000-7f7fdd767000 r-xp 00000000 00:1840 9223372037562577936      /nix/store/gpxl5qgg8kicmcvivwmybwjlpf7wh20l-graalvm17-ce-22.3.0/lib/libjimage.so
7f7fdd767000-7f7fdd768000 ---p 0001b000 00:1840 9223372037562577936      /nix/store/gpxl5qgg8kicmcvivwmybwjlpf7wh20l-graalvm17-ce-22.3.0/lib/libjimage.so
7f7fdd768000-7f7fdd76a000 r--p 0001b000 00:1840 9223372037562577936      /nix/store/gpxl5qgg8kicmcvivwmybwjlpf7wh20l-graalvm17-ce-22.3.0/lib/libjimage.so
7f7fdd76a000-7f7fdd76b000 rw-p 0001d000 00:1840 9223372037562577936      /nix/store/gpxl5qgg8kicmcvivwmybwjlpf7wh20l-graalvm17-ce-22.3.0/lib/libjimage.so
7f7fdd76b000-7f7fdd76c000 rw-p 00024000 00:1840 9223372037562577936      /nix/store/gpxl5qgg8kicmcvivwmybwjlpf7wh20l-graalvm17-ce-22.3.0/lib/libjimage.so
7f7fdd76c000-7f7fdd770000 ---p 00000000 00:00 0 
7f7fdd770000-7f7fdd86c000 rw-p 00000000 00:00 0 
7f7fdd86c000-7f7fdd87a000 r--p 00000000 00:1840 9223372037455367831      /nix/store/4nlgxhb09sdr51nc9hdm8az5b08vzkgx-glibc-2.35-163/lib/libm.so.6
7f7fdd87a000-7f7fdd8ed000 r-xp 0000e000 00:1840 9223372037455367831      /nix/store/4nlgxhb09sdr51nc9hdm8az5b08vzkgx-glibc-2.35-163/lib/libm.so.6
7f7fdd8ed000-7f7fdd94a000 r--p 00081000 00:1840 9223372037455367831      /nix/store/4nlgxhb09sdr51nc9hdm8az5b08vzkgx-glibc-2.35-163/lib/libm.so.6
7f7fdd94a000-7f7fdd94b000 r--p 000dd000 00:1840 9223372037455367831      /nix/store/4nlgxhb09sdr51nc9hdm8az5b08vzkgx-glibc-2.35-163/lib/libm.so.6
7f7fdd94b000-7f7fdd94c000 rw-p 000de000 00:1840 9223372037455367831      /nix/store/4nlgxhb09sdr51nc9hdm8az5b08vzkgx-glibc-2.35-163/lib/libm.so.6
7f7fdd94c000-7f7fdd94d000 r--p 00000000 00:1840 9223372037455367850      /nix/store/4nlgxhb09sdr51nc9hdm8az5b08vzkgx-glibc-2.35-163/lib/librt.so.1
7f7fdd94d000-7f7fdd94e000 r-xp 00001000 00:1840 9223372037455367850      /nix/store/4nlgxhb09sdr51nc9hdm8az5b08vzkgx-glibc-2.35-163/lib/librt.so.1
7f7fdd94e000-7f7fdd94f000 r--p 00002000 00:1840 9223372037455367850      /nix/store/4nlgxhb09sdr51nc9hdm8az5b08vzkgx-glibc-2.35-163/lib/librt.so.1
7f7fdd94f000-7f7fdd950000 r--p 00002000 00:1840 9223372037455367850      /nix/store/4nlgxhb09sdr51nc9hdm8az5b08vzkgx-glibc-2.35-163/lib/librt.so.1
7f7fdd950000-7f7fdd951000 rw-p 00003000 00:1840 9223372037455367850      /nix/store/4nlgxhb09sdr51nc9hdm8az5b08vzkgx-glibc-2.35-163/lib/librt.so.1
7f7fdd951000-7f7fdea64000 r-xp 00000000 00:1840 9223372037562748770      /nix/store/gpxl5qgg8kicmcvivwmybwjlpf7wh20l-graalvm17-ce-22.3.0/lib/server/libjvm.so
7f7fdea64000-7f7fdea65000 ---p 01113000 00:1840 9223372037562748770      /nix/store/gpxl5qgg8kicmcvivwmybwjlpf7wh20l-graalvm17-ce-22.3.0/lib/server/libjvm.so
7f7fdea65000-7f7fdeb1a000 r--p 01113000 00:1840 9223372037562748770      /nix/store/gpxl5qgg8kicmcvivwmybwjlpf7wh20l-graalvm17-ce-22.3.0/lib/server/libjvm.so
7f7fdeb1a000-7f7fdeb4e000 rw-p 011c8000 00:1840 9223372037562748770      /nix/store/gpxl5qgg8kicmcvivwmybwjlpf7wh20l-graalvm17-ce-22.3.0/lib/server/libjvm.so
7f7fdeb4e000-7f7fdebaa000 rw-p 00000000 00:00 0 
7f7fdebaa000-7f7fdebd2000 r--p 00000000 00:1840 9223372037455367822      /nix/store/4nlgxhb09sdr51nc9hdm8az5b08vzkgx-glibc-2.35-163/lib/libc.so.6
7f7fdebd2000-7f7fded48000 r-xp 00028000 00:1840 9223372037455367822      /nix/store/4nlgxhb09sdr51nc9hdm8az5b08vzkgx-glibc-2.35-163/lib/libc.so.6
7f7fded48000-7f7fdeda0000 r--p 0019e000 00:1840 9223372037455367822      /nix/store/4nlgxhb09sdr51nc9hdm8az5b08vzkgx-glibc-2.35-163/lib/libc.so.6
7f7fdeda0000-7f7fdeda4000 r--p 001f6000 00:1840 9223372037455367822      /nix/store/4nlgxhb09sdr51nc9hdm8az5b08vzkgx-glibc-2.35-163/lib/libc.so.6
7f7fdeda4000-7f7fdeda6000 rw-p 001fa000 00:1840 9223372037455367822      /nix/store/4nlgxhb09sdr51nc9hdm8az5b08vzkgx-glibc-2.35-163/lib/libc.so.6
7f7fdeda6000-7f7fdedb5000 rw-p 00000000 00:00 0 
7f7fdedb5000-7f7fdedb6000 r--p 00000000 00:1840 9223372037455367827      /nix/store/4nlgxhb09sdr51nc9hdm8az5b08vzkgx-glibc-2.35-163/lib/libdl.so.2
7f7fdedb6000-7f7fdedb7000 r-xp 00001000 00:1840 9223372037455367827      /nix/store/4nlgxhb09sdr51nc9hdm8az5b08vzkgx-glibc-2.35-163/lib/libdl.so.2
7f7fdedb7000-7f7fdedb8000 r--p 00002000 00:1840 9223372037455367827      /nix/store/4nlgxhb09sdr51nc9hdm8az5b08vzkgx-glibc-2.35-163/lib/libdl.so.2
7f7fdedb8000-7f7fdedb9000 r--p 00002000 00:1840 9223372037455367827      /nix/store/4nlgxhb09sdr51nc9hdm8az5b08vzkgx-glibc-2.35-163/lib/libdl.so.2
7f7fdedb9000-7f7fdedba000 rw-p 00003000 00:1840 9223372037455367827      /nix/store/4nlgxhb09sdr51nc9hdm8az5b08vzkgx-glibc-2.35-163/lib/libdl.so.2
7f7fdedba000-7f7fdedbb000 r--p 00000000 00:1840 9223372037455367846      /nix/store/4nlgxhb09sdr51nc9hdm8az5b08vzkgx-glibc-2.35-163/lib/libpthread.so.0
7f7fdedbb000-7f7fdedbc000 r-xp 00001000 00:1840 9223372037455367846      /nix/store/4nlgxhb09sdr51nc9hdm8az5b08vzkgx-glibc-2.35-163/lib/libpthread.so.0
7f7fdedbc000-7f7fdedbd000 r--p 00002000 00:1840 9223372037455367846      /nix/store/4nlgxhb09sdr51nc9hdm8az5b08vzkgx-glibc-2.35-163/lib/libpthread.so.0
7f7fdedbd000-7f7fdedbe000 r--p 00002000 00:1840 9223372037455367846      /nix/store/4nlgxhb09sdr51nc9hdm8az5b08vzkgx-glibc-2.35-163/lib/libpthread.so.0
7f7fdedbe000-7f7fdedbf000 rw-p 00003000 00:1840 9223372037455367846      /nix/store/4nlgxhb09sdr51nc9hdm8az5b08vzkgx-glibc-2.35-163/lib/libpthread.so.0
7f7fdedbf000-7f7fdedcd000 r-xp 00000000 00:1840 9223372037562577937      /nix/store/gpxl5qgg8kicmcvivwmybwjlpf7wh20l-graalvm17-ce-22.3.0/lib/libjli.so
7f7fdedcd000-7f7fdedce000 ---p 0000e000 00:1840 9223372037562577937      /nix/store/gpxl5qgg8kicmcvivwmybwjlpf7wh20l-graalvm17-ce-22.3.0/lib/libjli.so
7f7fdedce000-7f7fdedcf000 r--p 0000e000 00:1840 9223372037562577937      /nix/store/gpxl5qgg8kicmcvivwmybwjlpf7wh20l-graalvm17-ce-22.3.0/lib/libjli.so
7f7fdedcf000-7f7fdedd0000 rw-p 0000f000 00:1840 9223372037562577937      /nix/store/gpxl5qgg8kicmcvivwmybwjlpf7wh20l-graalvm17-ce-22.3.0/lib/libjli.so
7f7fdedd0000-7f7fdedd1000 rw-p 00012000 00:1840 9223372037562577937      /nix/store/gpxl5qgg8kicmcvivwmybwjlpf7wh20l-graalvm17-ce-22.3.0/lib/libjli.so
7f7fdedd1000-7f7fdedd4000 r--p 00000000 00:1840 9223372037533597975      /nix/store/026hln0aq1hyshaxsdvhg0kmcm6yf45r-zlib-1.2.13/lib/libz.so.1.2.13
7f7fdedd4000-7f7fdede6000 r-xp 00003000 00:1840 9223372037533597975      /nix/store/026hln0aq1hyshaxsdvhg0kmcm6yf45r-zlib-1.2.13/lib/libz.so.1.2.13
7f7fdede6000-7f7fdeded000 r--p 00015000 00:1840 9223372037533597975      /nix/store/026hln0aq1hyshaxsdvhg0kmcm6yf45r-zlib-1.2.13/lib/libz.so.1.2.13
7f7fdeded000-7f7fdedee000 r--p 0001b000 00:1840 9223372037533597975      /nix/store/026hln0aq1hyshaxsdvhg0kmcm6yf45r-zlib-1.2.13/lib/libz.so.1.2.13
7f7fdedee000-7f7fdedef000 rw-p 0001c000 00:1840 9223372037533597975      /nix/store/026hln0aq1hyshaxsdvhg0kmcm6yf45r-zlib-1.2.13/lib/libz.so.1.2.13
7f7fdedef000-7f7fdedf1000 rw-p 00000000 00:00 0 
7f7fdedf1000-7f7fdedf3000 r--p 00000000 00:1840 9223372037455367816      /nix/store/4nlgxhb09sdr51nc9hdm8az5b08vzkgx-glibc-2.35-163/lib/ld-linux-x86-64.so.2
7f7fdedf3000-7f7fdee1a000 r-xp 00002000 00:1840 9223372037455367816      /nix/store/4nlgxhb09sdr51nc9hdm8az5b08vzkgx-glibc-2.35-163/lib/ld-linux-x86-64.so.2
7f7fdee1a000-7f7fdee26000 r--p 00029000 00:1840 9223372037455367816      /nix/store/4nlgxhb09sdr51nc9hdm8az5b08vzkgx-glibc-2.35-163/lib/ld-linux-x86-64.so.2
7f7fdee26000-7f7fdee28000 r--p 00034000 00:1840 9223372037455367816      /nix/store/4nlgxhb09sdr51nc9hdm8az5b08vzkgx-glibc-2.35-163/lib/ld-linux-x86-64.so.2
7f7fdee28000-7f7fdee2a000 rw-p 00036000 00:1840 9223372037455367816      /nix/store/4nlgxhb09sdr51nc9hdm8az5b08vzkgx-glibc-2.35-163/lib/ld-linux-x86-64.so.2
7ffd17021000-7ffd17045000 rw-p 00000000 00:00 0                          [stack]
7ffd170b4000-7ffd170b8000 r--p 00000000 00:00 0                          [vvar]
7ffd170b8000-7ffd170ba000 r-xp 00000000 00:00 0                          [vdso]
ffffffffff600000-ffffffffff601000 --xp 00000000 00:00 0                  [vsyscall]


VM Arguments:
jvm_args: -XX:ThreadPriorityPolicy=1 -XX:+UnlockExperimentalVMOptions -XX:+EnableJVMCIProduct -XX:JVMCIThreadsPerNativeLibraryRuntime=1 -XX:-UnlockExperimentalVMOptions -Declipse.application=org.eclipse.jdt.ls.core.id1 -Dosgi.bundles.defaultStartLevel=4 -Declipse.product=org.eclipse.jdt.ls.core.product -Dlog.level=ALL -Xverify:none -XX:+UseParallelGC -XX:GCTimeRatio=4 -XX:AdaptiveSizePolicyWeight=90 -Dsun.zip.disableMemoryMapping=true -Xmx512m -Xms100m 
java_command: /nix/store/m6gcpi1ii6rghy04cjwjddcavv7i90df-jdt-language-server-1.9.0/share/java/plugins/org.eclipse.equinox.launcher_1.6.400.v20210924-0641.jar --add-modules=ALL-SYSTEM --add-opens java.base/java.util=ALL-UNNAMED --add-opens java.base/java.lang=ALL-UNNAMED -configuration /home/runner/.cache/jdt-language-server/config -data /home/runner/.cache/jdt-language-server/data/home/runner/Leetcode-347-Top-K-Frequent-Elements
java_class_path (initial): /nix/store/m6gcpi1ii6rghy04cjwjddcavv7i90df-jdt-language-server-1.9.0/share/java/plugins/org.eclipse.equinox.launcher_1.6.400.v20210924-0641.jar
Launcher Type: SUN_STANDARD

[Global flags]
    uintx AdaptiveSizePolicyWeight                 = 90                                        {product} {command line}
     intx CICompilerCount                          = 2                                         {product} {ergonomic}
     bool EnableJVMCIProduct                       = true                                {JVMCI product} {jimage}
    uintx GCTimeRatio                              = 4                                         {product} {command line}
   size_t InitialHeapSize                          = 104857600                                 {product} {command line}
     uint JVMCIThreadsPerNativeLibraryRuntime      = 1                                   {JVMCI product} {jimage}
   size_t MaxHeapSize                              = 536870912                                 {product} {command line}
   size_t MaxNewSize                               = 178782208                                 {product} {ergonomic}
   size_t MinHeapDeltaBytes                        = 524288                                    {product} {ergonomic}
   size_t MinHeapSize                              = 104857600                                 {product} {command line}
   size_t NewSize                                  = 34603008                                  {product} {ergonomic}
    uintx NonNMethodCodeHeapSize                   = 5826188                                {pd product} {ergonomic}
    uintx NonProfiledCodeHeapSize                  = 122916026                              {pd product} {ergonomic}
   size_t OldSize                                  = 70254592                                  {product} {ergonomic}
    uintx ProfiledCodeHeapSize                     = 122916026                              {pd product} {ergonomic}
    uintx ReservedCodeCacheSize                    = 251658240                              {pd product} {ergonomic}
     bool SegmentedCodeCache                       = true                                      {product} {ergonomic}
   size_t SoftMaxHeapSize                          = 536870912                              {manageable} {ergonomic}
     intx ThreadPriorityPolicy                     = 1                                         {product} {jimage}
     bool UseCompressedClassPointers               = true                           {product lp64_product} {ergonomic}
     bool UseCompressedOops                        = true                           {product lp64_product} {ergonomic}
     bool UseParallelGC                            = true                                      {product} {command line}

Logging:
Log output configuration:
 #0: stdout all=warning uptime,level,tags
 #1: stderr all=off uptime,level,tags

Environment Variables:
JAVA_HOME=/nix/store/gpxl5qgg8kicmcvivwmybwjlpf7wh20l-graalvm17-ce-22.3.0
PATH=/nix/store/1d6ian3r8kdzspw8hacjhl3xkp40g1lj-binutils-wrapper-2.39/bin:/nix/store/dq0xwmsk1g0i2ayg6pb7y87na2knzylh-gcc-wrapper-11.3.0/bin:/nix/store/bap4d0lpcrhpwmpb8ayjcgkmvfj62lnq-bash-interactive-5.1-p16/bin:/nix/store/pr5n59mb4jzmfx6kanwxly0l07p861fg-patchelf-0.15.0/bin:/nix/store/1gf2flfqnpqbr1b4p4qz2f72y42bs56r-gcc-11.3.0/bin:/nix/store/57xv61c5zi8pphjbcwxxjlgc34p61ic9-glibc-2.35-163-bin/bin:/nix/store/a7gvj343m05j2s32xcnwr35v31ynlypr-coreutils-9.1/bin:/nix/store/039g378vc3pc3dvi9dzdlrd0i4q93qwf-binutils-2.39/bin:/nix/store/gpxl5qgg8kicmcvivwmybwjlpf7wh20l-graalvm17-ce-22.3.0/bin:/nix/store/6z9ag3ihc8mq2hzsw48lhbznvzny65nz-apache-maven-3.8.6/bin:/nix/store/m6gcpi1ii6rghy04cjwjddcavv7i90df-jdt-language-server-1.9.0/bin:/nix/store/84xs5alhs01zrbr4ywm05kxbjbp5590l-java-debug/bin:/nix/store/mydc6f4k2z73xlcz7ilif3v2lcaiqvza-findutils-4.9.0/bin:/nix/store/j9p3g8472iijd50vhdprx0nmk2fqn5gv-diffutils-3.8/bin:/nix/store/89zs7rms6x00xfq4dq6m7mjnhkr8a6r4-gnused-4.8/bin:/nix/store/86bp03jkmsl6f92w0yzg4s59g5mhxwmy-gnugrep-3.7/bin:/nix/store/hwcdqw4jrjnd37wxqgsd47hd0j8bnj09-gawk-5.1.1/bin:/nix/store/cfbhw8r8ags41vwqaz47r583d0p4h4a1-gnutar-1.34/bin:/nix/store/p3m1ndl1lapwrlh698bnb5lvvxh67378-gzip-1.12/bin:/nix/store/a8mhcagrsly7c7mpjrpsnaahk4aax056-bzip2-1.0.8-bin/bin:/nix/store/mblgz65m3zv9x548a3d5m96fj2pbwr09-gnumake-4.3/bin:/nix/store/dsd5gz46hdbdk2rfdimqddhq6m8m8fqs-bash-5.1-p16/bin:/nix/store/v7ljksji50mg3w61dykaa3n3y79n6nil-patch-2.7.6/bin:/nix/store/zlcnmqq14jz5x9439jf937mvayyl63da-xz-5.2.7-bin/bin:/nix/store/y6aj732zm9m87c82fpvf103a1xb22blp-file-5.43/bin:/nix/store/sgqd0ajghcv2axfl1lad0b1alyavp0dc-prybar-elisp-0.0.0-67f7a00/bin:/nix/store/p3hsvljpgs68jqwar41lc0jqhjj734lf-prybar-lua-0.0.0-67f7a00/bin:/nix/store/qzxs2gybds3s9kb1vkaflpgm2nwr85fh-prybar-python3-0.0.0-67f7a00/bin:/nix/store/km94z9mxp8w4m8gxxp5mbfpdf3nkfvd8-prybar-sqlite-0.0.0-67f7a00/bin:/nix/store/2pnc7b76asw0z59c4l6h6qy8arwqrii1-prybar-tcl-0.0.0-67f7a00/bin:/nix/store/hpbvrlwd5viqmvcaisb3x0118i913a9n-st
LD_LIBRARY_PATH=/nix/store/a4pff549sk2idnkpzk5nsfps3mdkdnvm-cups-2.4.2-lib/lib:/nix/store/72mqxxhh3cy5yifh92wh2yb8cl2hikyy-cairo-1.16.0/lib:/nix/store/2k366jrbsra97gjfxwvrhvixjfxdach5-glib-2.74.1/lib:/nix/store/2j2znigd8ak37rlwh9khz0ry3clqlw1l-gtk+3-3.24.34/lib:/nix/store/hisqvx32cd57apbpcsnkpx6k3549wql1-libglvnd-1.4.0/lib:/nix/store/p36pgcv991mq5srvg765b78yqpxvk3qs-mesa-21.3.3-drivers/lib:/nix/store/mav4251if1ahjq5vkpwycyyvnmy459c4-pulseaudio-14.2/lib
DISPLAY=:0
LANG=en_US.UTF-8

Signal Handlers:
   SIGSEGV: crash_handler in libjvm.so, mask=11100100010111111101111111111110, flags=SA_RESTART|SA_SIGINFO
    SIGBUS: crash_handler in libjvm.so, mask=11100100010111111101111111111110, flags=SA_RESTART|SA_SIGINFO
    SIGFPE: crash_handler in libjvm.so, mask=11100100010111111101111111111110, flags=SA_RESTART|SA_SIGINFO
   SIGPIPE: IsolateEnterStub_IgnoreSIGPIPEStartupHook_noopSignalHandler_8f19bff2f35b5f630d83b364d6b2339320d4ec70_216e8361c6bc87a8f89f58cc10d3b2fd4415bf87 in libjvmcicompiler.so, mask=00000000000000000000000000000000, flags=SA_RESTART
  *** Handler was modified!
  *** Expected: javaSignalHandler in libjvm.so, mask=11100100110111111111111111111110, flags=SA_RESTART|SA_SIGINFO
   SIGXFSZ: javaSignalHandler in libjvm.so, mask=11100100010111111101111111111110, flags=SA_RESTART|SA_SIGINFO
    SIGILL: crash_handler in libjvm.so, mask=11100100010111111101111111111110, flags=SA_RESTART|SA_SIGINFO
   SIGUSR2: SR_handler in libjvm.so, mask=00000000000000000000000000000000, flags=SA_RESTART|SA_SIGINFO
    SIGHUP: UserHandler in libjvm.so, mask=11100100010111111101111111111110, flags=SA_RESTART|SA_SIGINFO
    SIGINT: UserHandler in libjvm.so, mask=11100100010111111101111111111110, flags=SA_RESTART|SA_SIGINFO
   SIGTERM: UserHandler in libjvm.so, mask=11100100010111111101111111111110, flags=SA_RESTART|SA_SIGINFO
   SIGQUIT: UserHandler in libjvm.so, mask=11100100010111111101111111111110, flags=SA_RESTART|SA_SIGINFO
  *** Handler was modified!
  *** Expected: javaSignalHandler in libjvm.so, mask=11100100110111111111111111111110, flags=SA_RESTART|SA_SIGINFO
   SIGTRAP: crash_handler in libjvm.so, mask=11100100010111111101111111111110, flags=SA_RESTART|SA_SIGINFO


---------------  S Y S T E M  ---------------

OS:
DISTRIB_ID=Ubuntu
DISTRIB_RELEASE=20.04
DISTRIB_CODENAME=focal
DISTRIB_DESCRIPTION="Ubuntu 20.04.2 LTS"
uname: Linux 5.15.0-1025-gcp #32~20.04.2-Ubuntu SMP Tue Nov 29 08:31:04 UTC 2022 x86_64
OS uptime: 0 days 5:37 hours
libc: glibc 2.35 NPTL 2.35 
rlimit (soft/hard): STACK 8192k/infinity , CORE infinity/infinity , NPROC infinity/infinity , NOFILE 5242/5242 , AS infinity/infinity , CPU infinity/infinity , DATA infinity/infinity , FSIZE infinity/infinity , MEMLOCK 64k/64k
load average: 9.79 10.56 11.54

/proc/meminfo:
MemTotal:       65852732 kB
MemFree:        27904056 kB
MemAvailable:   51120624 kB
Buffers:         2548712 kB
Cached:         19498428 kB
SwapCached:            0 kB
Active:          7894928 kB
Inactive:       26303172 kB
Active(anon):      13480 kB
Inactive(anon): 11785628 kB
Active(file):    7881448 kB
Inactive(file): 14517544 kB
Unevictable:       43212 kB
Mlocked:           43212 kB
SwapTotal:             0 kB
SwapFree:              0 kB
Dirty:              4768 kB
Writeback:             0 kB
AnonPages:      11472720 kB
Mapped:          1563364 kB
Shmem:             34492 kB
KReclaimable:    1544176 kB
Slab:            2787168 kB
SReclaimable:    1544176 kB
SUnreclaim:      1242992 kB
KernelStack:      393116 kB
PageTables:       148488 kB
NFS_Unstable:          0 kB
Bounce:                0 kB
WritebackTmp:          0 kB
CommitLimit:    32926364 kB
Committed_AS:   64372328 kB
VmallocTotal:   34359738367 kB
VmallocUsed:      434116 kB
VmallocChunk:          0 kB
Percpu:            73120 kB
HardwareCorrupted:     0 kB
AnonHugePages:    190464 kB
ShmemHugePages:        0 kB
ShmemPmdMapped:        0 kB
FileHugePages:         0 kB
FilePmdMapped:         0 kB
HugePages_Total:       0
HugePages_Free:        0
HugePages_Rsvd:        0
HugePages_Surp:        0
Hugepagesize:       2048 kB
Hugetlb:               0 kB
DirectMap4k:     4293440 kB
DirectMap2M:    47083520 kB
DirectMap1G:    17825792 kB

/sys/kernel/mm/transparent_hugepage/enabled: always [madvise] never
/sys/kernel/mm/transparent_hugepage/defrag (defrag/compaction efforts parameter): always defer defer+madvise [madvise] never

Process Memory:
Virtual Size: 4655192K (peak: 4741948K)
Resident Set Size: 710896K (peak: 744980K) (anon: 514552K, file: 196344K, shmem: 0K)
Swapped out: 0K
C-Heap outstanding allocations: 40253K, retained: 15030K
glibc malloc tunables: (default)

/proc/sys/kernel/threads-max (system-wide limit on the number of threads): 514406
/proc/sys/vm/max_map_count (maximum number of memory map areas a process may have): 65530
/proc/sys/kernel/pid_max (system-wide limit on number of process identifiers): 4194304

container (cgroup) information:
container_type: cgroupv1
cpu_cpuset_cpus: 2-7
cpu_memory_nodes: 0
active_processor_count: 1
cpu_quota: 50000
cpu_period: 100000
cpu_shares: 512
memory_limit_in_bytes: 1048576 k
memory_and_swap_limit_in_bytes: 1048576 k
memory_soft_limit_in_bytes: 524288 k
memory_usage_in_bytes: 546088 k
memory_max_usage_in_bytes: 573928 k
maximum number of tasks: 1000
current number of tasks: 45

KVM virtualization detected
Steal ticks since vm start: 0
Steal ticks percentage since vm start:  0.000

CPU: total 8 (initial active 1) (8 cores per cpu, 2 threads per core) family 23 model 49 stepping 0 microcode 0x1000065, cx8, cmov, fxsr, ht, mmx, 3dnowpref, sse, sse2, sse3, ssse3, sse4a, sse4.1, sse4.2, popcnt, lzcnt, tsc, tscinvbit, avx, avx2, aes, clmul, bmi1, bmi2, adx, sha, fma, vzeroupper, clflush, clflushopt, hv
CPU Model and flags from /proc/cpuinfo:
model name	: AMD EPYC 7B12
flags		: fpu vme de pse tsc msr pae mce cx8 apic sep mtrr pge mca cmov pat pse36 clflush mmx fxsr sse sse2 ht syscall nx mmxext fxsr_opt pdpe1gb rdtscp lm constant_tsc rep_good nopl nonstop_tsc cpuid extd_apicid tsc_known_freq pni pclmulqdq ssse3 fma cx16 sse4_1 sse4_2 movbe popcnt aes xsave avx f16c rdrand hypervisor lahf_lm cmp_legacy cr8_legacy abm sse4a misalignsse 3dnowprefetch osvw topoext ssbd ibrs ibpb stibp vmmcall fsgsbase tsc_adjust bmi1 avx2 smep bmi2 rdseed adx smap clflushopt clwb sha_ni xsaveopt xsavec xgetbv1 clzero xsaveerptr arat npt nrip_save umip rdpid

Online cpus: 0-7
Offline cpus: 
BIOS frequency limitation: <Not Available>
Frequency switch latency (ns): <Not Available>
Available cpu frequencies: <Not Available>
Current governor: <Not Available>
Core performance/turbo boost: <Not Available>

Memory: 4k page, physical 1048576k(502472k free), swap 0k(0k free)
Page Sizes: 4k

vm_info: OpenJDK 64-Bit Server VM (17.0.5+8-jvmci-22.3-b08) for linux-amd64 JRE (17.0.5+8-jvmci-22.3-b08), built on Oct 19 2022 09:01:27 by "buildslave" with gcc 10.3.0

END.
